<?xml version="1.0" encoding="UTF-8"?>
<testsuite xmlns:xsi="http://www.w3.org/2001/XMLSchema-instance" xsi:noNamespaceSchemaLocation="https://maven.apache.org/surefire/maven-surefire-plugin/xsd/surefire-test-report-3.0.xsd" version="3.0" name="com.echo.blog.service.BingSearchServiceTest" time="0.286" tests="1" errors="0" skipped="0" failures="1">
  <properties>
    <property name="socksProxyHost" value="127.0.0.1"/>
    <property name="http.proxyHost" value="127.0.0.1"/>
    <property name="java.specification.version" value="21"/>
    <property name="sun.jnu.encoding" value="UTF-8"/>
    <property name="java.class.path" value="/Users/ls/echo_pro/echo-blog-java/target/test-classes:/Users/ls/echo_pro/echo-blog-java/target/classes:/Users/ls/MyWork/mvn_pros/org/springframework/boot/spring-boot-starter-web/3.2.1/spring-boot-starter-web-3.2.1.jar:/Users/ls/MyWork/mvn_pros/org/springframework/boot/spring-boot-starter/3.2.1/spring-boot-starter-3.2.1.jar:/Users/ls/MyWork/mvn_pros/org/springframework/boot/spring-boot/3.2.1/spring-boot-3.2.1.jar:/Users/ls/MyWork/mvn_pros/org/springframework/boot/spring-boot-starter-logging/3.2.1/spring-boot-starter-logging-3.2.1.jar:/Users/ls/MyWork/mvn_pros/ch/qos/logback/logback-classic/1.4.14/logback-classic-1.4.14.jar:/Users/ls/MyWork/mvn_pros/ch/qos/logback/logback-core/1.4.14/logback-core-1.4.14.jar:/Users/ls/MyWork/mvn_pros/org/apache/logging/log4j/log4j-to-slf4j/2.21.1/log4j-to-slf4j-2.21.1.jar:/Users/ls/MyWork/mvn_pros/org/apache/logging/log4j/log4j-api/2.21.1/log4j-api-2.21.1.jar:/Users/ls/MyWork/mvn_pros/org/slf4j/jul-to-slf4j/2.0.9/jul-to-slf4j-2.0.9.jar:/Users/ls/MyWork/mvn_pros/jakarta/annotation/jakarta.annotation-api/2.1.1/jakarta.annotation-api-2.1.1.jar:/Users/ls/MyWork/mvn_pros/org/yaml/snakeyaml/2.2/snakeyaml-2.2.jar:/Users/ls/MyWork/mvn_pros/org/springframework/boot/spring-boot-starter-json/3.2.1/spring-boot-starter-json-3.2.1.jar:/Users/ls/MyWork/mvn_pros/com/fasterxml/jackson/datatype/jackson-datatype-jdk8/2.15.3/jackson-datatype-jdk8-2.15.3.jar:/Users/ls/MyWork/mvn_pros/com/fasterxml/jackson/datatype/jackson-datatype-jsr310/2.15.3/jackson-datatype-jsr310-2.15.3.jar:/Users/ls/MyWork/mvn_pros/com/fasterxml/jackson/module/jackson-module-parameter-names/2.15.3/jackson-module-parameter-names-2.15.3.jar:/Users/ls/MyWork/mvn_pros/org/springframework/boot/spring-boot-starter-tomcat/3.2.1/spring-boot-starter-tomcat-3.2.1.jar:/Users/ls/MyWork/mvn_pros/org/apache/tomcat/embed/tomcat-embed-core/10.1.17/tomcat-embed-core-10.1.17.jar:/Users/ls/MyWork/mvn_pros/org/apache/tomcat/embed/tomcat-embed-websocket/10.1.17/tomcat-embed-websocket-10.1.17.jar:/Users/ls/MyWork/mvn_pros/org/springframework/spring-web/6.1.2/spring-web-6.1.2.jar:/Users/ls/MyWork/mvn_pros/org/springframework/spring-beans/6.1.2/spring-beans-6.1.2.jar:/Users/ls/MyWork/mvn_pros/io/micrometer/micrometer-observation/1.12.1/micrometer-observation-1.12.1.jar:/Users/ls/MyWork/mvn_pros/io/micrometer/micrometer-commons/1.12.1/micrometer-commons-1.12.1.jar:/Users/ls/MyWork/mvn_pros/org/springframework/spring-webmvc/6.1.2/spring-webmvc-6.1.2.jar:/Users/ls/MyWork/mvn_pros/org/springframework/spring-context/6.1.2/spring-context-6.1.2.jar:/Users/ls/MyWork/mvn_pros/org/springframework/spring-expression/6.1.2/spring-expression-6.1.2.jar:/Users/ls/MyWork/mvn_pros/org/springframework/boot/spring-boot-starter-security/3.2.1/spring-boot-starter-security-3.2.1.jar:/Users/ls/MyWork/mvn_pros/org/springframework/spring-aop/6.1.2/spring-aop-6.1.2.jar:/Users/ls/MyWork/mvn_pros/org/springframework/security/spring-security-config/6.2.1/spring-security-config-6.2.1.jar:/Users/ls/MyWork/mvn_pros/org/springframework/security/spring-security-web/6.2.1/spring-security-web-6.2.1.jar:/Users/ls/MyWork/mvn_pros/org/springframework/boot/spring-boot-starter-validation/3.2.1/spring-boot-starter-validation-3.2.1.jar:/Users/ls/MyWork/mvn_pros/org/apache/tomcat/embed/tomcat-embed-el/10.1.17/tomcat-embed-el-10.1.17.jar:/Users/ls/MyWork/mvn_pros/org/springframework/boot/spring-boot-starter-data-jpa/3.2.1/spring-boot-starter-data-jpa-3.2.1.jar:/Users/ls/MyWork/mvn_pros/org/springframework/boot/spring-boot-starter-jdbc/3.2.1/spring-boot-starter-jdbc-3.2.1.jar:/Users/ls/MyWork/mvn_pros/com/zaxxer/HikariCP/5.0.1/HikariCP-5.0.1.jar:/Users/ls/MyWork/mvn_pros/org/springframework/spring-jdbc/6.1.2/spring-jdbc-6.1.2.jar:/Users/ls/MyWork/mvn_pros/org/hibernate/orm/hibernate-core/6.4.1.Final/hibernate-core-6.4.1.Final.jar:/Users/ls/MyWork/mvn_pros/jakarta/transaction/jakarta.transaction-api/2.0.1/jakarta.transaction-api-2.0.1.jar:/Users/ls/MyWork/mvn_pros/org/hibernate/common/hibernate-commons-annotations/6.0.6.Final/hibernate-commons-annotations-6.0.6.Final.jar:/Users/ls/MyWork/mvn_pros/io/smallrye/jandex/3.1.2/jandex-3.1.2.jar:/Users/ls/MyWork/mvn_pros/net/bytebuddy/byte-buddy/1.14.10/byte-buddy-1.14.10.jar:/Users/ls/MyWork/mvn_pros/org/glassfish/jaxb/jaxb-runtime/4.0.4/jaxb-runtime-4.0.4.jar:/Users/ls/MyWork/mvn_pros/org/glassfish/jaxb/jaxb-core/4.0.4/jaxb-core-4.0.4.jar:/Users/ls/MyWork/mvn_pros/org/eclipse/angus/angus-activation/2.0.1/angus-activation-2.0.1.jar:/Users/ls/MyWork/mvn_pros/org/glassfish/jaxb/txw2/4.0.4/txw2-4.0.4.jar:/Users/ls/MyWork/mvn_pros/com/sun/istack/istack-commons-runtime/4.1.2/istack-commons-runtime-4.1.2.jar:/Users/ls/MyWork/mvn_pros/jakarta/inject/jakarta.inject-api/2.0.1/jakarta.inject-api-2.0.1.jar:/Users/ls/MyWork/mvn_pros/org/antlr/antlr4-runtime/4.13.0/antlr4-runtime-4.13.0.jar:/Users/ls/MyWork/mvn_pros/org/springframework/data/spring-data-jpa/3.2.1/spring-data-jpa-3.2.1.jar:/Users/ls/MyWork/mvn_pros/org/springframework/data/spring-data-commons/3.2.1/spring-data-commons-3.2.1.jar:/Users/ls/MyWork/mvn_pros/org/springframework/spring-orm/6.1.2/spring-orm-6.1.2.jar:/Users/ls/MyWork/mvn_pros/org/springframework/spring-tx/6.1.2/spring-tx-6.1.2.jar:/Users/ls/MyWork/mvn_pros/org/slf4j/slf4j-api/2.0.9/slf4j-api-2.0.9.jar:/Users/ls/MyWork/mvn_pros/org/springframework/spring-aspects/6.1.2/spring-aspects-6.1.2.jar:/Users/ls/MyWork/mvn_pros/org/springframework/boot/spring-boot-starter-data-redis/3.2.1/spring-boot-starter-data-redis-3.2.1.jar:/Users/ls/MyWork/mvn_pros/io/lettuce/lettuce-core/6.3.0.RELEASE/lettuce-core-6.3.0.RELEASE.jar:/Users/ls/MyWork/mvn_pros/io/netty/netty-common/4.1.104.Final/netty-common-4.1.104.Final.jar:/Users/ls/MyWork/mvn_pros/io/netty/netty-handler/4.1.104.Final/netty-handler-4.1.104.Final.jar:/Users/ls/MyWork/mvn_pros/io/netty/netty-resolver/4.1.104.Final/netty-resolver-4.1.104.Final.jar:/Users/ls/MyWork/mvn_pros/io/netty/netty-buffer/4.1.104.Final/netty-buffer-4.1.104.Final.jar:/Users/ls/MyWork/mvn_pros/io/netty/netty-transport-native-unix-common/4.1.104.Final/netty-transport-native-unix-common-4.1.104.Final.jar:/Users/ls/MyWork/mvn_pros/io/netty/netty-codec/4.1.104.Final/netty-codec-4.1.104.Final.jar:/Users/ls/MyWork/mvn_pros/io/netty/netty-transport/4.1.104.Final/netty-transport-4.1.104.Final.jar:/Users/ls/MyWork/mvn_pros/io/projectreactor/reactor-core/3.6.1/reactor-core-3.6.1.jar:/Users/ls/MyWork/mvn_pros/org/reactivestreams/reactive-streams/1.0.4/reactive-streams-1.0.4.jar:/Users/ls/MyWork/mvn_pros/org/springframework/data/spring-data-redis/3.2.1/spring-data-redis-3.2.1.jar:/Users/ls/MyWork/mvn_pros/org/springframework/data/spring-data-keyvalue/3.2.1/spring-data-keyvalue-3.2.1.jar:/Users/ls/MyWork/mvn_pros/org/springframework/spring-oxm/6.1.2/spring-oxm-6.1.2.jar:/Users/ls/MyWork/mvn_pros/org/springframework/spring-context-support/6.1.2/spring-context-support-6.1.2.jar:/Users/ls/MyWork/mvn_pros/org/springframework/boot/spring-boot-starter-aop/3.2.1/spring-boot-starter-aop-3.2.1.jar:/Users/ls/MyWork/mvn_pros/org/aspectj/aspectjweaver/1.9.21/aspectjweaver-1.9.21.jar:/Users/ls/MyWork/mvn_pros/org/springframework/retry/spring-retry/2.0.5/spring-retry-2.0.5.jar:/Users/ls/MyWork/mvn_pros/jakarta/validation/jakarta.validation-api/3.0.2/jakarta.validation-api-3.0.2.jar:/Users/ls/MyWork/mvn_pros/org/hibernate/validator/hibernate-validator/8.0.1.Final/hibernate-validator-8.0.1.Final.jar:/Users/ls/MyWork/mvn_pros/org/jboss/logging/jboss-logging/3.5.3.Final/jboss-logging-3.5.3.Final.jar:/Users/ls/MyWork/mvn_pros/com/fasterxml/classmate/1.6.0/classmate-1.6.0.jar:/Users/ls/MyWork/mvn_pros/jakarta/persistence/jakarta.persistence-api/3.1.0/jakarta.persistence-api-3.1.0.jar:/Users/ls/MyWork/mvn_pros/com/mysql/mysql-connector-j/8.1.0/mysql-connector-j-8.1.0.jar:/Users/ls/MyWork/mvn_pros/com/baomidou/mybatis-plus-boot-starter/3.5.3.1/mybatis-plus-boot-starter-3.5.3.1.jar:/Users/ls/MyWork/mvn_pros/com/baomidou/mybatis-plus/3.5.3.1/mybatis-plus-3.5.3.1.jar:/Users/ls/MyWork/mvn_pros/com/baomidou/mybatis-plus-extension/3.5.3.1/mybatis-plus-extension-3.5.3.1.jar:/Users/ls/MyWork/mvn_pros/com/baomidou/mybatis-plus-core/3.5.3.1/mybatis-plus-core-3.5.3.1.jar:/Users/ls/MyWork/mvn_pros/com/baomidou/mybatis-plus-annotation/3.5.3.1/mybatis-plus-annotation-3.5.3.1.jar:/Users/ls/MyWork/mvn_pros/com/github/jsqlparser/jsqlparser/4.4/jsqlparser-4.4.jar:/Users/ls/MyWork/mvn_pros/org/mybatis/mybatis/3.5.10/mybatis-3.5.10.jar:/Users/ls/MyWork/mvn_pros/org/mybatis/mybatis-spring/2.0.7/mybatis-spring-2.0.7.jar:/Users/ls/MyWork/mvn_pros/org/springframework/boot/spring-boot-autoconfigure/3.2.1/spring-boot-autoconfigure-3.2.1.jar:/Users/ls/MyWork/mvn_pros/io/jsonwebtoken/jjwt-api/0.11.5/jjwt-api-0.11.5.jar:/Users/ls/MyWork/mvn_pros/io/jsonwebtoken/jjwt-impl/0.11.5/jjwt-impl-0.11.5.jar:/Users/ls/MyWork/mvn_pros/io/jsonwebtoken/jjwt-jackson/0.11.5/jjwt-jackson-0.11.5.jar:/Users/ls/MyWork/mvn_pros/com/fasterxml/jackson/core/jackson-databind/2.15.3/jackson-databind-2.15.3.jar:/Users/ls/MyWork/mvn_pros/com/fasterxml/jackson/core/jackson-annotations/2.15.3/jackson-annotations-2.15.3.jar:/Users/ls/MyWork/mvn_pros/com/fasterxml/jackson/core/jackson-core/2.15.3/jackson-core-2.15.3.jar:/Users/ls/MyWork/mvn_pros/cn/hutool/hutool-all/5.8.23/hutool-all-5.8.23.jar:/Users/ls/MyWork/mvn_pros/org/projectlombok/lombok/1.18.30/lombok-1.18.30.jar:/Users/ls/MyWork/mvn_pros/org/jsoup/jsoup/1.15.4/jsoup-1.15.4.jar:/Users/ls/MyWork/mvn_pros/com/squareup/okhttp3/okhttp/4.10.0/okhttp-4.10.0.jar:/Users/ls/MyWork/mvn_pros/com/squareup/okio/okio-jvm/3.0.0/okio-jvm-3.0.0.jar:/Users/ls/MyWork/mvn_pros/org/jetbrains/kotlin/kotlin-stdlib-jdk8/1.9.21/kotlin-stdlib-jdk8-1.9.21.jar:/Users/ls/MyWork/mvn_pros/org/jetbrains/kotlin/kotlin-stdlib-jdk7/1.9.21/kotlin-stdlib-jdk7-1.9.21.jar:/Users/ls/MyWork/mvn_pros/org/jetbrains/kotlin/kotlin-stdlib-common/1.9.21/kotlin-stdlib-common-1.9.21.jar:/Users/ls/MyWork/mvn_pros/org/jetbrains/kotlin/kotlin-stdlib/1.9.21/kotlin-stdlib-1.9.21.jar:/Users/ls/MyWork/mvn_pros/org/jetbrains/annotations/13.0/annotations-13.0.jar:/Users/ls/MyWork/mvn_pros/com/squareup/retrofit2/retrofit/2.9.0/retrofit-2.9.0.jar:/Users/ls/MyWork/mvn_pros/com/squareup/retrofit2/converter-jackson/2.9.0/converter-jackson-2.9.0.jar:/Users/ls/MyWork/mvn_pros/org/springdoc/springdoc-openapi-starter-webmvc-ui/2.0.4/springdoc-openapi-starter-webmvc-ui-2.0.4.jar:/Users/ls/MyWork/mvn_pros/org/springdoc/springdoc-openapi-starter-webmvc-api/2.0.4/springdoc-openapi-starter-webmvc-api-2.0.4.jar:/Users/ls/MyWork/mvn_pros/org/springdoc/springdoc-openapi-starter-common/2.0.4/springdoc-openapi-starter-common-2.0.4.jar:/Users/ls/MyWork/mvn_pros/io/swagger/core/v3/swagger-core-jakarta/2.2.8/swagger-core-jakarta-2.2.8.jar:/Users/ls/MyWork/mvn_pros/org/apache/commons/commons-lang3/3.13.0/commons-lang3-3.13.0.jar:/Users/ls/MyWork/mvn_pros/io/swagger/core/v3/swagger-annotations-jakarta/2.2.8/swagger-annotations-jakarta-2.2.8.jar:/Users/ls/MyWork/mvn_pros/io/swagger/core/v3/swagger-models-jakarta/2.2.8/swagger-models-jakarta-2.2.8.jar:/Users/ls/MyWork/mvn_pros/com/fasterxml/jackson/dataformat/jackson-dataformat-yaml/2.15.3/jackson-dataformat-yaml-2.15.3.jar:/Users/ls/MyWork/mvn_pros/org/webjars/swagger-ui/4.18.1/swagger-ui-4.18.1.jar:/Users/ls/MyWork/mvn_pros/org/webjars/webjars-locator-core/0.55/webjars-locator-core-0.55.jar:/Users/ls/MyWork/mvn_pros/io/github/classgraph/classgraph/4.8.149/classgraph-4.8.149.jar:/Users/ls/MyWork/mvn_pros/org/springframework/boot/spring-boot-starter-test/3.2.1/spring-boot-starter-test-3.2.1.jar:/Users/ls/MyWork/mvn_pros/org/springframework/boot/spring-boot-test/3.2.1/spring-boot-test-3.2.1.jar:/Users/ls/MyWork/mvn_pros/org/springframework/boot/spring-boot-test-autoconfigure/3.2.1/spring-boot-test-autoconfigure-3.2.1.jar:/Users/ls/MyWork/mvn_pros/com/jayway/jsonpath/json-path/2.8.0/json-path-2.8.0.jar:/Users/ls/MyWork/mvn_pros/jakarta/xml/bind/jakarta.xml.bind-api/4.0.1/jakarta.xml.bind-api-4.0.1.jar:/Users/ls/MyWork/mvn_pros/jakarta/activation/jakarta.activation-api/2.1.2/jakarta.activation-api-2.1.2.jar:/Users/ls/MyWork/mvn_pros/net/minidev/json-smart/2.5.0/json-smart-2.5.0.jar:/Users/ls/MyWork/mvn_pros/net/minidev/accessors-smart/2.5.0/accessors-smart-2.5.0.jar:/Users/ls/MyWork/mvn_pros/org/ow2/asm/asm/9.3/asm-9.3.jar:/Users/ls/MyWork/mvn_pros/org/assertj/assertj-core/3.24.2/assertj-core-3.24.2.jar:/Users/ls/MyWork/mvn_pros/org/awaitility/awaitility/4.2.0/awaitility-4.2.0.jar:/Users/ls/MyWork/mvn_pros/org/hamcrest/hamcrest/2.2/hamcrest-2.2.jar:/Users/ls/MyWork/mvn_pros/org/junit/jupiter/junit-jupiter/5.10.1/junit-jupiter-5.10.1.jar:/Users/ls/MyWork/mvn_pros/org/junit/jupiter/junit-jupiter-api/5.10.1/junit-jupiter-api-5.10.1.jar:/Users/ls/MyWork/mvn_pros/org/opentest4j/opentest4j/1.3.0/opentest4j-1.3.0.jar:/Users/ls/MyWork/mvn_pros/org/junit/platform/junit-platform-commons/1.10.1/junit-platform-commons-1.10.1.jar:/Users/ls/MyWork/mvn_pros/org/apiguardian/apiguardian-api/1.1.2/apiguardian-api-1.1.2.jar:/Users/ls/MyWork/mvn_pros/org/junit/jupiter/junit-jupiter-params/5.10.1/junit-jupiter-params-5.10.1.jar:/Users/ls/MyWork/mvn_pros/org/junit/jupiter/junit-jupiter-engine/5.10.1/junit-jupiter-engine-5.10.1.jar:/Users/ls/MyWork/mvn_pros/org/junit/platform/junit-platform-engine/1.10.1/junit-platform-engine-1.10.1.jar:/Users/ls/MyWork/mvn_pros/org/mockito/mockito-core/5.7.0/mockito-core-5.7.0.jar:/Users/ls/MyWork/mvn_pros/net/bytebuddy/byte-buddy-agent/1.14.10/byte-buddy-agent-1.14.10.jar:/Users/ls/MyWork/mvn_pros/org/objenesis/objenesis/3.3/objenesis-3.3.jar:/Users/ls/MyWork/mvn_pros/org/mockito/mockito-junit-jupiter/5.7.0/mockito-junit-jupiter-5.7.0.jar:/Users/ls/MyWork/mvn_pros/org/skyscreamer/jsonassert/1.5.1/jsonassert-1.5.1.jar:/Users/ls/MyWork/mvn_pros/com/vaadin/external/google/android-json/0.0.20131108.vaadin1/android-json-0.0.20131108.vaadin1.jar:/Users/ls/MyWork/mvn_pros/org/springframework/spring-core/6.1.2/spring-core-6.1.2.jar:/Users/ls/MyWork/mvn_pros/org/springframework/spring-jcl/6.1.2/spring-jcl-6.1.2.jar:/Users/ls/MyWork/mvn_pros/org/springframework/spring-test/6.1.2/spring-test-6.1.2.jar:/Users/ls/MyWork/mvn_pros/org/xmlunit/xmlunit-core/2.9.1/xmlunit-core-2.9.1.jar:/Users/ls/MyWork/mvn_pros/org/springframework/security/spring-security-test/6.2.1/spring-security-test-6.2.1.jar:/Users/ls/MyWork/mvn_pros/org/springframework/security/spring-security-core/6.2.1/spring-security-core-6.2.1.jar:/Users/ls/MyWork/mvn_pros/org/springframework/security/spring-security-crypto/6.2.1/spring-security-crypto-6.2.1.jar:"/>
    <property name="https.proxyPort" value="7890"/>
    <property name="java.vm.vendor" value="Oracle Corporation"/>
    <property name="sun.arch.data.model" value="64"/>
    <property name="java.vendor.url" value="https://java.oracle.com/"/>
    <property name="user.timezone" value="Asia/Shanghai"/>
    <property name="org.jboss.logging.provider" value="slf4j"/>
    <property name="os.name" value="Mac OS X"/>
    <property name="java.vm.specification.version" value="21"/>
    <property name="sun.java.launcher" value="SUN_STANDARD"/>
    <property name="user.country" value="CN"/>
    <property name="sun.boot.library.path" value="/Library/Java/JavaVirtualMachines/jdk-21.jdk/Contents/Home/lib"/>
    <property name="sun.java.command" value="/Users/ls/echo_pro/echo-blog-java/target/surefire/surefirebooter-20250308165301865_3.jar /Users/ls/echo_pro/echo-blog-java/target/surefire 2025-03-08T16-52-58_800-jvmRun1 surefire-20250308165301865_1tmp surefire_0-20250308165301865_2tmp"/>
    <property name="http.nonProxyHosts" value="192.168.0.0/16|*.192.168.0.0/16|10.0.0.0/8|*.10.0.0.0/8|172.16.0.0/12|*.172.16.0.0/12|127.0.0.1|localhost|*.localhost|local|*.local|timestamp.apple.com|*.timestamp.apple.com|sequoia.apple.com|*.sequoia.apple.com|seed-sequoia.siri.apple.com|*.seed-sequoia.siri.apple.com"/>
    <property name="jdk.debug" value="release"/>
    <property name="surefire.test.class.path" value="/Users/ls/echo_pro/echo-blog-java/target/test-classes:/Users/ls/echo_pro/echo-blog-java/target/classes:/Users/ls/MyWork/mvn_pros/org/springframework/boot/spring-boot-starter-web/3.2.1/spring-boot-starter-web-3.2.1.jar:/Users/ls/MyWork/mvn_pros/org/springframework/boot/spring-boot-starter/3.2.1/spring-boot-starter-3.2.1.jar:/Users/ls/MyWork/mvn_pros/org/springframework/boot/spring-boot/3.2.1/spring-boot-3.2.1.jar:/Users/ls/MyWork/mvn_pros/org/springframework/boot/spring-boot-starter-logging/3.2.1/spring-boot-starter-logging-3.2.1.jar:/Users/ls/MyWork/mvn_pros/ch/qos/logback/logback-classic/1.4.14/logback-classic-1.4.14.jar:/Users/ls/MyWork/mvn_pros/ch/qos/logback/logback-core/1.4.14/logback-core-1.4.14.jar:/Users/ls/MyWork/mvn_pros/org/apache/logging/log4j/log4j-to-slf4j/2.21.1/log4j-to-slf4j-2.21.1.jar:/Users/ls/MyWork/mvn_pros/org/apache/logging/log4j/log4j-api/2.21.1/log4j-api-2.21.1.jar:/Users/ls/MyWork/mvn_pros/org/slf4j/jul-to-slf4j/2.0.9/jul-to-slf4j-2.0.9.jar:/Users/ls/MyWork/mvn_pros/jakarta/annotation/jakarta.annotation-api/2.1.1/jakarta.annotation-api-2.1.1.jar:/Users/ls/MyWork/mvn_pros/org/yaml/snakeyaml/2.2/snakeyaml-2.2.jar:/Users/ls/MyWork/mvn_pros/org/springframework/boot/spring-boot-starter-json/3.2.1/spring-boot-starter-json-3.2.1.jar:/Users/ls/MyWork/mvn_pros/com/fasterxml/jackson/datatype/jackson-datatype-jdk8/2.15.3/jackson-datatype-jdk8-2.15.3.jar:/Users/ls/MyWork/mvn_pros/com/fasterxml/jackson/datatype/jackson-datatype-jsr310/2.15.3/jackson-datatype-jsr310-2.15.3.jar:/Users/ls/MyWork/mvn_pros/com/fasterxml/jackson/module/jackson-module-parameter-names/2.15.3/jackson-module-parameter-names-2.15.3.jar:/Users/ls/MyWork/mvn_pros/org/springframework/boot/spring-boot-starter-tomcat/3.2.1/spring-boot-starter-tomcat-3.2.1.jar:/Users/ls/MyWork/mvn_pros/org/apache/tomcat/embed/tomcat-embed-core/10.1.17/tomcat-embed-core-10.1.17.jar:/Users/ls/MyWork/mvn_pros/org/apache/tomcat/embed/tomcat-embed-websocket/10.1.17/tomcat-embed-websocket-10.1.17.jar:/Users/ls/MyWork/mvn_pros/org/springframework/spring-web/6.1.2/spring-web-6.1.2.jar:/Users/ls/MyWork/mvn_pros/org/springframework/spring-beans/6.1.2/spring-beans-6.1.2.jar:/Users/ls/MyWork/mvn_pros/io/micrometer/micrometer-observation/1.12.1/micrometer-observation-1.12.1.jar:/Users/ls/MyWork/mvn_pros/io/micrometer/micrometer-commons/1.12.1/micrometer-commons-1.12.1.jar:/Users/ls/MyWork/mvn_pros/org/springframework/spring-webmvc/6.1.2/spring-webmvc-6.1.2.jar:/Users/ls/MyWork/mvn_pros/org/springframework/spring-context/6.1.2/spring-context-6.1.2.jar:/Users/ls/MyWork/mvn_pros/org/springframework/spring-expression/6.1.2/spring-expression-6.1.2.jar:/Users/ls/MyWork/mvn_pros/org/springframework/boot/spring-boot-starter-security/3.2.1/spring-boot-starter-security-3.2.1.jar:/Users/ls/MyWork/mvn_pros/org/springframework/spring-aop/6.1.2/spring-aop-6.1.2.jar:/Users/ls/MyWork/mvn_pros/org/springframework/security/spring-security-config/6.2.1/spring-security-config-6.2.1.jar:/Users/ls/MyWork/mvn_pros/org/springframework/security/spring-security-web/6.2.1/spring-security-web-6.2.1.jar:/Users/ls/MyWork/mvn_pros/org/springframework/boot/spring-boot-starter-validation/3.2.1/spring-boot-starter-validation-3.2.1.jar:/Users/ls/MyWork/mvn_pros/org/apache/tomcat/embed/tomcat-embed-el/10.1.17/tomcat-embed-el-10.1.17.jar:/Users/ls/MyWork/mvn_pros/org/springframework/boot/spring-boot-starter-data-jpa/3.2.1/spring-boot-starter-data-jpa-3.2.1.jar:/Users/ls/MyWork/mvn_pros/org/springframework/boot/spring-boot-starter-jdbc/3.2.1/spring-boot-starter-jdbc-3.2.1.jar:/Users/ls/MyWork/mvn_pros/com/zaxxer/HikariCP/5.0.1/HikariCP-5.0.1.jar:/Users/ls/MyWork/mvn_pros/org/springframework/spring-jdbc/6.1.2/spring-jdbc-6.1.2.jar:/Users/ls/MyWork/mvn_pros/org/hibernate/orm/hibernate-core/6.4.1.Final/hibernate-core-6.4.1.Final.jar:/Users/ls/MyWork/mvn_pros/jakarta/transaction/jakarta.transaction-api/2.0.1/jakarta.transaction-api-2.0.1.jar:/Users/ls/MyWork/mvn_pros/org/hibernate/common/hibernate-commons-annotations/6.0.6.Final/hibernate-commons-annotations-6.0.6.Final.jar:/Users/ls/MyWork/mvn_pros/io/smallrye/jandex/3.1.2/jandex-3.1.2.jar:/Users/ls/MyWork/mvn_pros/net/bytebuddy/byte-buddy/1.14.10/byte-buddy-1.14.10.jar:/Users/ls/MyWork/mvn_pros/org/glassfish/jaxb/jaxb-runtime/4.0.4/jaxb-runtime-4.0.4.jar:/Users/ls/MyWork/mvn_pros/org/glassfish/jaxb/jaxb-core/4.0.4/jaxb-core-4.0.4.jar:/Users/ls/MyWork/mvn_pros/org/eclipse/angus/angus-activation/2.0.1/angus-activation-2.0.1.jar:/Users/ls/MyWork/mvn_pros/org/glassfish/jaxb/txw2/4.0.4/txw2-4.0.4.jar:/Users/ls/MyWork/mvn_pros/com/sun/istack/istack-commons-runtime/4.1.2/istack-commons-runtime-4.1.2.jar:/Users/ls/MyWork/mvn_pros/jakarta/inject/jakarta.inject-api/2.0.1/jakarta.inject-api-2.0.1.jar:/Users/ls/MyWork/mvn_pros/org/antlr/antlr4-runtime/4.13.0/antlr4-runtime-4.13.0.jar:/Users/ls/MyWork/mvn_pros/org/springframework/data/spring-data-jpa/3.2.1/spring-data-jpa-3.2.1.jar:/Users/ls/MyWork/mvn_pros/org/springframework/data/spring-data-commons/3.2.1/spring-data-commons-3.2.1.jar:/Users/ls/MyWork/mvn_pros/org/springframework/spring-orm/6.1.2/spring-orm-6.1.2.jar:/Users/ls/MyWork/mvn_pros/org/springframework/spring-tx/6.1.2/spring-tx-6.1.2.jar:/Users/ls/MyWork/mvn_pros/org/slf4j/slf4j-api/2.0.9/slf4j-api-2.0.9.jar:/Users/ls/MyWork/mvn_pros/org/springframework/spring-aspects/6.1.2/spring-aspects-6.1.2.jar:/Users/ls/MyWork/mvn_pros/org/springframework/boot/spring-boot-starter-data-redis/3.2.1/spring-boot-starter-data-redis-3.2.1.jar:/Users/ls/MyWork/mvn_pros/io/lettuce/lettuce-core/6.3.0.RELEASE/lettuce-core-6.3.0.RELEASE.jar:/Users/ls/MyWork/mvn_pros/io/netty/netty-common/4.1.104.Final/netty-common-4.1.104.Final.jar:/Users/ls/MyWork/mvn_pros/io/netty/netty-handler/4.1.104.Final/netty-handler-4.1.104.Final.jar:/Users/ls/MyWork/mvn_pros/io/netty/netty-resolver/4.1.104.Final/netty-resolver-4.1.104.Final.jar:/Users/ls/MyWork/mvn_pros/io/netty/netty-buffer/4.1.104.Final/netty-buffer-4.1.104.Final.jar:/Users/ls/MyWork/mvn_pros/io/netty/netty-transport-native-unix-common/4.1.104.Final/netty-transport-native-unix-common-4.1.104.Final.jar:/Users/ls/MyWork/mvn_pros/io/netty/netty-codec/4.1.104.Final/netty-codec-4.1.104.Final.jar:/Users/ls/MyWork/mvn_pros/io/netty/netty-transport/4.1.104.Final/netty-transport-4.1.104.Final.jar:/Users/ls/MyWork/mvn_pros/io/projectreactor/reactor-core/3.6.1/reactor-core-3.6.1.jar:/Users/ls/MyWork/mvn_pros/org/reactivestreams/reactive-streams/1.0.4/reactive-streams-1.0.4.jar:/Users/ls/MyWork/mvn_pros/org/springframework/data/spring-data-redis/3.2.1/spring-data-redis-3.2.1.jar:/Users/ls/MyWork/mvn_pros/org/springframework/data/spring-data-keyvalue/3.2.1/spring-data-keyvalue-3.2.1.jar:/Users/ls/MyWork/mvn_pros/org/springframework/spring-oxm/6.1.2/spring-oxm-6.1.2.jar:/Users/ls/MyWork/mvn_pros/org/springframework/spring-context-support/6.1.2/spring-context-support-6.1.2.jar:/Users/ls/MyWork/mvn_pros/org/springframework/boot/spring-boot-starter-aop/3.2.1/spring-boot-starter-aop-3.2.1.jar:/Users/ls/MyWork/mvn_pros/org/aspectj/aspectjweaver/1.9.21/aspectjweaver-1.9.21.jar:/Users/ls/MyWork/mvn_pros/org/springframework/retry/spring-retry/2.0.5/spring-retry-2.0.5.jar:/Users/ls/MyWork/mvn_pros/jakarta/validation/jakarta.validation-api/3.0.2/jakarta.validation-api-3.0.2.jar:/Users/ls/MyWork/mvn_pros/org/hibernate/validator/hibernate-validator/8.0.1.Final/hibernate-validator-8.0.1.Final.jar:/Users/ls/MyWork/mvn_pros/org/jboss/logging/jboss-logging/3.5.3.Final/jboss-logging-3.5.3.Final.jar:/Users/ls/MyWork/mvn_pros/com/fasterxml/classmate/1.6.0/classmate-1.6.0.jar:/Users/ls/MyWork/mvn_pros/jakarta/persistence/jakarta.persistence-api/3.1.0/jakarta.persistence-api-3.1.0.jar:/Users/ls/MyWork/mvn_pros/com/mysql/mysql-connector-j/8.1.0/mysql-connector-j-8.1.0.jar:/Users/ls/MyWork/mvn_pros/com/baomidou/mybatis-plus-boot-starter/3.5.3.1/mybatis-plus-boot-starter-3.5.3.1.jar:/Users/ls/MyWork/mvn_pros/com/baomidou/mybatis-plus/3.5.3.1/mybatis-plus-3.5.3.1.jar:/Users/ls/MyWork/mvn_pros/com/baomidou/mybatis-plus-extension/3.5.3.1/mybatis-plus-extension-3.5.3.1.jar:/Users/ls/MyWork/mvn_pros/com/baomidou/mybatis-plus-core/3.5.3.1/mybatis-plus-core-3.5.3.1.jar:/Users/ls/MyWork/mvn_pros/com/baomidou/mybatis-plus-annotation/3.5.3.1/mybatis-plus-annotation-3.5.3.1.jar:/Users/ls/MyWork/mvn_pros/com/github/jsqlparser/jsqlparser/4.4/jsqlparser-4.4.jar:/Users/ls/MyWork/mvn_pros/org/mybatis/mybatis/3.5.10/mybatis-3.5.10.jar:/Users/ls/MyWork/mvn_pros/org/mybatis/mybatis-spring/2.0.7/mybatis-spring-2.0.7.jar:/Users/ls/MyWork/mvn_pros/org/springframework/boot/spring-boot-autoconfigure/3.2.1/spring-boot-autoconfigure-3.2.1.jar:/Users/ls/MyWork/mvn_pros/io/jsonwebtoken/jjwt-api/0.11.5/jjwt-api-0.11.5.jar:/Users/ls/MyWork/mvn_pros/io/jsonwebtoken/jjwt-impl/0.11.5/jjwt-impl-0.11.5.jar:/Users/ls/MyWork/mvn_pros/io/jsonwebtoken/jjwt-jackson/0.11.5/jjwt-jackson-0.11.5.jar:/Users/ls/MyWork/mvn_pros/com/fasterxml/jackson/core/jackson-databind/2.15.3/jackson-databind-2.15.3.jar:/Users/ls/MyWork/mvn_pros/com/fasterxml/jackson/core/jackson-annotations/2.15.3/jackson-annotations-2.15.3.jar:/Users/ls/MyWork/mvn_pros/com/fasterxml/jackson/core/jackson-core/2.15.3/jackson-core-2.15.3.jar:/Users/ls/MyWork/mvn_pros/cn/hutool/hutool-all/5.8.23/hutool-all-5.8.23.jar:/Users/ls/MyWork/mvn_pros/org/projectlombok/lombok/1.18.30/lombok-1.18.30.jar:/Users/ls/MyWork/mvn_pros/org/jsoup/jsoup/1.15.4/jsoup-1.15.4.jar:/Users/ls/MyWork/mvn_pros/com/squareup/okhttp3/okhttp/4.10.0/okhttp-4.10.0.jar:/Users/ls/MyWork/mvn_pros/com/squareup/okio/okio-jvm/3.0.0/okio-jvm-3.0.0.jar:/Users/ls/MyWork/mvn_pros/org/jetbrains/kotlin/kotlin-stdlib-jdk8/1.9.21/kotlin-stdlib-jdk8-1.9.21.jar:/Users/ls/MyWork/mvn_pros/org/jetbrains/kotlin/kotlin-stdlib-jdk7/1.9.21/kotlin-stdlib-jdk7-1.9.21.jar:/Users/ls/MyWork/mvn_pros/org/jetbrains/kotlin/kotlin-stdlib-common/1.9.21/kotlin-stdlib-common-1.9.21.jar:/Users/ls/MyWork/mvn_pros/org/jetbrains/kotlin/kotlin-stdlib/1.9.21/kotlin-stdlib-1.9.21.jar:/Users/ls/MyWork/mvn_pros/org/jetbrains/annotations/13.0/annotations-13.0.jar:/Users/ls/MyWork/mvn_pros/com/squareup/retrofit2/retrofit/2.9.0/retrofit-2.9.0.jar:/Users/ls/MyWork/mvn_pros/com/squareup/retrofit2/converter-jackson/2.9.0/converter-jackson-2.9.0.jar:/Users/ls/MyWork/mvn_pros/org/springdoc/springdoc-openapi-starter-webmvc-ui/2.0.4/springdoc-openapi-starter-webmvc-ui-2.0.4.jar:/Users/ls/MyWork/mvn_pros/org/springdoc/springdoc-openapi-starter-webmvc-api/2.0.4/springdoc-openapi-starter-webmvc-api-2.0.4.jar:/Users/ls/MyWork/mvn_pros/org/springdoc/springdoc-openapi-starter-common/2.0.4/springdoc-openapi-starter-common-2.0.4.jar:/Users/ls/MyWork/mvn_pros/io/swagger/core/v3/swagger-core-jakarta/2.2.8/swagger-core-jakarta-2.2.8.jar:/Users/ls/MyWork/mvn_pros/org/apache/commons/commons-lang3/3.13.0/commons-lang3-3.13.0.jar:/Users/ls/MyWork/mvn_pros/io/swagger/core/v3/swagger-annotations-jakarta/2.2.8/swagger-annotations-jakarta-2.2.8.jar:/Users/ls/MyWork/mvn_pros/io/swagger/core/v3/swagger-models-jakarta/2.2.8/swagger-models-jakarta-2.2.8.jar:/Users/ls/MyWork/mvn_pros/com/fasterxml/jackson/dataformat/jackson-dataformat-yaml/2.15.3/jackson-dataformat-yaml-2.15.3.jar:/Users/ls/MyWork/mvn_pros/org/webjars/swagger-ui/4.18.1/swagger-ui-4.18.1.jar:/Users/ls/MyWork/mvn_pros/org/webjars/webjars-locator-core/0.55/webjars-locator-core-0.55.jar:/Users/ls/MyWork/mvn_pros/io/github/classgraph/classgraph/4.8.149/classgraph-4.8.149.jar:/Users/ls/MyWork/mvn_pros/org/springframework/boot/spring-boot-starter-test/3.2.1/spring-boot-starter-test-3.2.1.jar:/Users/ls/MyWork/mvn_pros/org/springframework/boot/spring-boot-test/3.2.1/spring-boot-test-3.2.1.jar:/Users/ls/MyWork/mvn_pros/org/springframework/boot/spring-boot-test-autoconfigure/3.2.1/spring-boot-test-autoconfigure-3.2.1.jar:/Users/ls/MyWork/mvn_pros/com/jayway/jsonpath/json-path/2.8.0/json-path-2.8.0.jar:/Users/ls/MyWork/mvn_pros/jakarta/xml/bind/jakarta.xml.bind-api/4.0.1/jakarta.xml.bind-api-4.0.1.jar:/Users/ls/MyWork/mvn_pros/jakarta/activation/jakarta.activation-api/2.1.2/jakarta.activation-api-2.1.2.jar:/Users/ls/MyWork/mvn_pros/net/minidev/json-smart/2.5.0/json-smart-2.5.0.jar:/Users/ls/MyWork/mvn_pros/net/minidev/accessors-smart/2.5.0/accessors-smart-2.5.0.jar:/Users/ls/MyWork/mvn_pros/org/ow2/asm/asm/9.3/asm-9.3.jar:/Users/ls/MyWork/mvn_pros/org/assertj/assertj-core/3.24.2/assertj-core-3.24.2.jar:/Users/ls/MyWork/mvn_pros/org/awaitility/awaitility/4.2.0/awaitility-4.2.0.jar:/Users/ls/MyWork/mvn_pros/org/hamcrest/hamcrest/2.2/hamcrest-2.2.jar:/Users/ls/MyWork/mvn_pros/org/junit/jupiter/junit-jupiter/5.10.1/junit-jupiter-5.10.1.jar:/Users/ls/MyWork/mvn_pros/org/junit/jupiter/junit-jupiter-api/5.10.1/junit-jupiter-api-5.10.1.jar:/Users/ls/MyWork/mvn_pros/org/opentest4j/opentest4j/1.3.0/opentest4j-1.3.0.jar:/Users/ls/MyWork/mvn_pros/org/junit/platform/junit-platform-commons/1.10.1/junit-platform-commons-1.10.1.jar:/Users/ls/MyWork/mvn_pros/org/apiguardian/apiguardian-api/1.1.2/apiguardian-api-1.1.2.jar:/Users/ls/MyWork/mvn_pros/org/junit/jupiter/junit-jupiter-params/5.10.1/junit-jupiter-params-5.10.1.jar:/Users/ls/MyWork/mvn_pros/org/junit/jupiter/junit-jupiter-engine/5.10.1/junit-jupiter-engine-5.10.1.jar:/Users/ls/MyWork/mvn_pros/org/junit/platform/junit-platform-engine/1.10.1/junit-platform-engine-1.10.1.jar:/Users/ls/MyWork/mvn_pros/org/mockito/mockito-core/5.7.0/mockito-core-5.7.0.jar:/Users/ls/MyWork/mvn_pros/net/bytebuddy/byte-buddy-agent/1.14.10/byte-buddy-agent-1.14.10.jar:/Users/ls/MyWork/mvn_pros/org/objenesis/objenesis/3.3/objenesis-3.3.jar:/Users/ls/MyWork/mvn_pros/org/mockito/mockito-junit-jupiter/5.7.0/mockito-junit-jupiter-5.7.0.jar:/Users/ls/MyWork/mvn_pros/org/skyscreamer/jsonassert/1.5.1/jsonassert-1.5.1.jar:/Users/ls/MyWork/mvn_pros/com/vaadin/external/google/android-json/0.0.20131108.vaadin1/android-json-0.0.20131108.vaadin1.jar:/Users/ls/MyWork/mvn_pros/org/springframework/spring-core/6.1.2/spring-core-6.1.2.jar:/Users/ls/MyWork/mvn_pros/org/springframework/spring-jcl/6.1.2/spring-jcl-6.1.2.jar:/Users/ls/MyWork/mvn_pros/org/springframework/spring-test/6.1.2/spring-test-6.1.2.jar:/Users/ls/MyWork/mvn_pros/org/xmlunit/xmlunit-core/2.9.1/xmlunit-core-2.9.1.jar:/Users/ls/MyWork/mvn_pros/org/springframework/security/spring-security-test/6.2.1/spring-security-test-6.2.1.jar:/Users/ls/MyWork/mvn_pros/org/springframework/security/spring-security-core/6.2.1/spring-security-core-6.2.1.jar:/Users/ls/MyWork/mvn_pros/org/springframework/security/spring-security-crypto/6.2.1/spring-security-crypto-6.2.1.jar:"/>
    <property name="sun.cpu.endian" value="little"/>
    <property name="user.home" value="/Users/ls"/>
    <property name="user.language" value="zh"/>
    <property name="java.specification.vendor" value="Oracle Corporation"/>
    <property name="java.version.date" value="2024-10-15"/>
    <property name="java.home" value="/Library/Java/JavaVirtualMachines/jdk-21.jdk/Contents/Home"/>
    <property name="file.separator" value="/"/>
    <property name="https.proxyHost" value="127.0.0.1"/>
    <property name="basedir" value="/Users/ls/echo_pro/echo-blog-java"/>
    <property name="java.vm.compressedOopsMode" value="Zero based"/>
    <property name="line.separator" value="&#10;"/>
    <property name="java.vm.specification.vendor" value="Oracle Corporation"/>
    <property name="java.specification.name" value="Java Platform API Specification"/>
    <property name="FILE_LOG_CHARSET" value="UTF-8"/>
    <property name="java.awt.headless" value="true"/>
    <property name="apple.awt.application.name" value="ForkedBooter"/>
    <property name="surefire.real.class.path" value="/Users/ls/echo_pro/echo-blog-java/target/surefire/surefirebooter-20250308165301865_3.jar"/>
    <property name="user.script" value="Hans"/>
    <property name="sun.management.compiler" value="HotSpot 64-Bit Tiered Compilers"/>
    <property name="ftp.nonProxyHosts" value="192.168.0.0/16|*.192.168.0.0/16|10.0.0.0/8|*.10.0.0.0/8|172.16.0.0/12|*.172.16.0.0/12|127.0.0.1|localhost|*.localhost|local|*.local|timestamp.apple.com|*.timestamp.apple.com|sequoia.apple.com|*.sequoia.apple.com|seed-sequoia.siri.apple.com|*.seed-sequoia.siri.apple.com"/>
    <property name="java.runtime.version" value="21.0.5+9-LTS-239"/>
    <property name="user.name" value="ls"/>
    <property name="stdout.encoding" value="UTF-8"/>
    <property name="path.separator" value=":"/>
    <property name="os.version" value="15.3.1"/>
    <property name="java.runtime.name" value="Java(TM) SE Runtime Environment"/>
    <property name="file.encoding" value="UTF-8"/>
    <property name="java.vm.name" value="Java HotSpot(TM) 64-Bit Server VM"/>
    <property name="localRepository" value="/Users/ls/MyWork/mvn_pros"/>
    <property name="java.vendor.url.bug" value="https://bugreport.java.com/bugreport/"/>
    <property name="java.io.tmpdir" value="/var/folders/mp/_hr1lbvx27b613b3jpp4jqj00000gn/T/"/>
    <property name="java.version" value="21.0.5"/>
    <property name="user.dir" value="/Users/ls/echo_pro/echo-blog-java"/>
    <property name="os.arch" value="aarch64"/>
    <property name="socksProxyPort" value="7890"/>
    <property name="java.vm.specification.name" value="Java Virtual Machine Specification"/>
    <property name="PID" value="46214"/>
    <property name="CONSOLE_LOG_CHARSET" value="UTF-8"/>
    <property name="native.encoding" value="UTF-8"/>
    <property name="java.library.path" value="/Users/ls/Library/Java/Extensions:/Library/Java/Extensions:/Network/Library/Java/Extensions:/System/Library/Java/Extensions:/usr/lib/java:."/>
    <property name="java.vm.info" value="mixed mode, sharing"/>
    <property name="stderr.encoding" value="UTF-8"/>
    <property name="java.vendor" value="Oracle Corporation"/>
    <property name="java.vm.version" value="21.0.5+9-LTS-239"/>
    <property name="sun.io.unicode.encoding" value="UnicodeBig"/>
    <property name="socksNonProxyHosts" value="192.168.0.0/16|*.192.168.0.0/16|10.0.0.0/8|*.10.0.0.0/8|172.16.0.0/12|*.172.16.0.0/12|127.0.0.1|localhost|*.localhost|local|*.local|timestamp.apple.com|*.timestamp.apple.com|sequoia.apple.com|*.sequoia.apple.com|seed-sequoia.siri.apple.com|*.seed-sequoia.siri.apple.com"/>
    <property name="java.class.version" value="65.0"/>
    <property name="LOGGED_APPLICATION_NAME" value="[echo-blog] "/>
    <property name="http.proxyPort" value="7890"/>
  </properties>
  <testcase name="testSearch" classname="com.echo.blog.service.BingSearchServiceTest" time="0.283">
    <failure message="expected: &lt;2&gt; but was: &lt;0&gt;" type="org.opentest4j.AssertionFailedError"><![CDATA[org.opentest4j.AssertionFailedError: expected: <2> but was: <0>
	at org.junit.jupiter.api.AssertionFailureBuilder.build(AssertionFailureBuilder.java:151)
	at org.junit.jupiter.api.AssertionFailureBuilder.buildAndThrow(AssertionFailureBuilder.java:132)
	at org.junit.jupiter.api.AssertEquals.failNotEqual(AssertEquals.java:197)
	at org.junit.jupiter.api.AssertEquals.assertEquals(AssertEquals.java:150)
	at org.junit.jupiter.api.AssertEquals.assertEquals(AssertEquals.java:145)
	at org.junit.jupiter.api.Assertions.assertEquals(Assertions.java:531)
	at com.echo.blog.service.BingSearchServiceTest.testSearch(BingSearchServiceTest.java:91)
	at java.base/java.lang.reflect.Method.invoke(Method.java:580)
	at java.base/java.util.ArrayList.forEach(ArrayList.java:1596)
	at java.base/java.util.ArrayList.forEach(ArrayList.java:1596)
]]></failure>
    <system-out><![CDATA[2025-03-08T16:53:04.666+08:00 ERROR 46214 --- [echo-blog] [           main] c.e.b.s.impl.BingSearchServiceImpl       : Bing搜索API调用失败

java.lang.NullPointerException: Cannot invoke "com.fasterxml.jackson.core.JsonFactory.createParser(String)" because "<local3>._jsonFactory" is null
	at com.fasterxml.jackson.databind.ObjectMapper.readTree(ObjectMapper.java:3219) ~[jackson-databind-2.15.3.jar:2.15.3]
	at com.fasterxml.jackson.databind.ObjectMapper.readTree(ObjectMapper.java:3217) ~[jackson-databind-2.15.3.jar:2.15.3]
	at com.echo.blog.service.impl.BingSearchServiceImpl.search(BingSearchServiceImpl.java:57) ~[classes/:na]
	at com.echo.blog.service.BingSearchServiceTest.testSearch(BingSearchServiceTest.java:87) ~[test-classes/:na]
	at java.base/jdk.internal.reflect.DirectMethodHandleAccessor.invoke(DirectMethodHandleAccessor.java:103) ~[na:na]
	at java.base/java.lang.reflect.Method.invoke(Method.java:580) ~[na:na]
	at org.junit.platform.commons.util.ReflectionUtils.invokeMethod(ReflectionUtils.java:728) ~[junit-platform-commons-1.10.1.jar:1.10.1]
	at org.junit.jupiter.engine.execution.MethodInvocation.proceed(MethodInvocation.java:60) ~[junit-jupiter-engine-5.10.1.jar:5.10.1]
	at org.junit.jupiter.engine.execution.InvocationInterceptorChain$ValidatingInvocation.proceed(InvocationInterceptorChain.java:131) ~[junit-jupiter-engine-5.10.1.jar:5.10.1]
	at org.junit.jupiter.engine.extension.TimeoutExtension.intercept(TimeoutExtension.java:156) ~[junit-jupiter-engine-5.10.1.jar:5.10.1]
	at org.junit.jupiter.engine.extension.TimeoutExtension.interceptTestableMethod(TimeoutExtension.java:147) ~[junit-jupiter-engine-5.10.1.jar:5.10.1]
	at org.junit.jupiter.engine.extension.TimeoutExtension.interceptTestMethod(TimeoutExtension.java:86) ~[junit-jupiter-engine-5.10.1.jar:5.10.1]
	at org.junit.jupiter.engine.execution.InterceptingExecutableInvoker$ReflectiveInterceptorCall.lambda$ofVoidMethod$0(InterceptingExecutableInvoker.java:103) ~[junit-jupiter-engine-5.10.1.jar:5.10.1]
	at org.junit.jupiter.engine.execution.InterceptingExecutableInvoker.lambda$invoke$0(InterceptingExecutableInvoker.java:93) ~[junit-jupiter-engine-5.10.1.jar:5.10.1]
	at org.junit.jupiter.engine.execution.InvocationInterceptorChain$InterceptedInvocation.proceed(InvocationInterceptorChain.java:106) ~[junit-jupiter-engine-5.10.1.jar:5.10.1]
	at org.junit.jupiter.engine.execution.InvocationInterceptorChain.proceed(InvocationInterceptorChain.java:64) ~[junit-jupiter-engine-5.10.1.jar:5.10.1]
	at org.junit.jupiter.engine.execution.InvocationInterceptorChain.chainAndInvoke(InvocationInterceptorChain.java:45) ~[junit-jupiter-engine-5.10.1.jar:5.10.1]
	at org.junit.jupiter.engine.execution.InvocationInterceptorChain.invoke(InvocationInterceptorChain.java:37) ~[junit-jupiter-engine-5.10.1.jar:5.10.1]
	at org.junit.jupiter.engine.execution.InterceptingExecutableInvoker.invoke(InterceptingExecutableInvoker.java:92) ~[junit-jupiter-engine-5.10.1.jar:5.10.1]
	at org.junit.jupiter.engine.execution.InterceptingExecutableInvoker.invoke(InterceptingExecutableInvoker.java:86) ~[junit-jupiter-engine-5.10.1.jar:5.10.1]
	at org.junit.jupiter.engine.descriptor.TestMethodTestDescriptor.lambda$invokeTestMethod$7(TestMethodTestDescriptor.java:218) ~[junit-jupiter-engine-5.10.1.jar:5.10.1]
	at org.junit.platform.engine.support.hierarchical.ThrowableCollector.execute(ThrowableCollector.java:73) ~[junit-platform-engine-1.10.1.jar:1.10.1]
	at org.junit.jupiter.engine.descriptor.TestMethodTestDescriptor.invokeTestMethod(TestMethodTestDescriptor.java:214) ~[junit-jupiter-engine-5.10.1.jar:5.10.1]
	at org.junit.jupiter.engine.descriptor.TestMethodTestDescriptor.execute(TestMethodTestDescriptor.java:139) ~[junit-jupiter-engine-5.10.1.jar:5.10.1]
	at org.junit.jupiter.engine.descriptor.TestMethodTestDescriptor.execute(TestMethodTestDescriptor.java:69) ~[junit-jupiter-engine-5.10.1.jar:5.10.1]
	at org.junit.platform.engine.support.hierarchical.NodeTestTask.lambda$executeRecursively$6(NodeTestTask.java:151) ~[junit-platform-engine-1.10.1.jar:1.10.1]
	at org.junit.platform.engine.support.hierarchical.ThrowableCollector.execute(ThrowableCollector.java:73) ~[junit-platform-engine-1.10.1.jar:1.10.1]
	at org.junit.platform.engine.support.hierarchical.NodeTestTask.lambda$executeRecursively$8(NodeTestTask.java:141) ~[junit-platform-engine-1.10.1.jar:1.10.1]
	at org.junit.platform.engine.support.hierarchical.Node.around(Node.java:137) ~[junit-platform-engine-1.10.1.jar:1.10.1]
	at org.junit.platform.engine.support.hierarchical.NodeTestTask.lambda$executeRecursively$9(NodeTestTask.java:139) ~[junit-platform-engine-1.10.1.jar:1.10.1]
	at org.junit.platform.engine.support.hierarchical.ThrowableCollector.execute(ThrowableCollector.java:73) ~[junit-platform-engine-1.10.1.jar:1.10.1]
	at org.junit.platform.engine.support.hierarchical.NodeTestTask.executeRecursively(NodeTestTask.java:138) ~[junit-platform-engine-1.10.1.jar:1.10.1]
	at org.junit.platform.engine.support.hierarchical.NodeTestTask.execute(NodeTestTask.java:95) ~[junit-platform-engine-1.10.1.jar:1.10.1]
	at java.base/java.util.ArrayList.forEach(ArrayList.java:1596) ~[na:na]
	at org.junit.platform.engine.support.hierarchical.SameThreadHierarchicalTestExecutorService.invokeAll(SameThreadHierarchicalTestExecutorService.java:41) ~[junit-platform-engine-1.10.1.jar:1.10.1]
	at org.junit.platform.engine.support.hierarchical.NodeTestTask.lambda$executeRecursively$6(NodeTestTask.java:155) ~[junit-platform-engine-1.10.1.jar:1.10.1]
	at org.junit.platform.engine.support.hierarchical.ThrowableCollector.execute(ThrowableCollector.java:73) ~[junit-platform-engine-1.10.1.jar:1.10.1]
	at org.junit.platform.engine.support.hierarchical.NodeTestTask.lambda$executeRecursively$8(NodeTestTask.java:141) ~[junit-platform-engine-1.10.1.jar:1.10.1]
	at org.junit.platform.engine.support.hierarchical.Node.around(Node.java:137) ~[junit-platform-engine-1.10.1.jar:1.10.1]
	at org.junit.platform.engine.support.hierarchical.NodeTestTask.lambda$executeRecursively$9(NodeTestTask.java:139) ~[junit-platform-engine-1.10.1.jar:1.10.1]
	at org.junit.platform.engine.support.hierarchical.ThrowableCollector.execute(ThrowableCollector.java:73) ~[junit-platform-engine-1.10.1.jar:1.10.1]
	at org.junit.platform.engine.support.hierarchical.NodeTestTask.executeRecursively(NodeTestTask.java:138) ~[junit-platform-engine-1.10.1.jar:1.10.1]
	at org.junit.platform.engine.support.hierarchical.NodeTestTask.execute(NodeTestTask.java:95) ~[junit-platform-engine-1.10.1.jar:1.10.1]
	at java.base/java.util.ArrayList.forEach(ArrayList.java:1596) ~[na:na]
	at org.junit.platform.engine.support.hierarchical.SameThreadHierarchicalTestExecutorService.invokeAll(SameThreadHierarchicalTestExecutorService.java:41) ~[junit-platform-engine-1.10.1.jar:1.10.1]
	at org.junit.platform.engine.support.hierarchical.NodeTestTask.lambda$executeRecursively$6(NodeTestTask.java:155) ~[junit-platform-engine-1.10.1.jar:1.10.1]
	at org.junit.platform.engine.support.hierarchical.ThrowableCollector.execute(ThrowableCollector.java:73) ~[junit-platform-engine-1.10.1.jar:1.10.1]
	at org.junit.platform.engine.support.hierarchical.NodeTestTask.lambda$executeRecursively$8(NodeTestTask.java:141) ~[junit-platform-engine-1.10.1.jar:1.10.1]
	at org.junit.platform.engine.support.hierarchical.Node.around(Node.java:137) ~[junit-platform-engine-1.10.1.jar:1.10.1]
	at org.junit.platform.engine.support.hierarchical.NodeTestTask.lambda$executeRecursively$9(NodeTestTask.java:139) ~[junit-platform-engine-1.10.1.jar:1.10.1]
	at org.junit.platform.engine.support.hierarchical.ThrowableCollector.execute(ThrowableCollector.java:73) ~[junit-platform-engine-1.10.1.jar:1.10.1]
	at org.junit.platform.engine.support.hierarchical.NodeTestTask.executeRecursively(NodeTestTask.java:138) ~[junit-platform-engine-1.10.1.jar:1.10.1]
	at org.junit.platform.engine.support.hierarchical.NodeTestTask.execute(NodeTestTask.java:95) ~[junit-platform-engine-1.10.1.jar:1.10.1]
	at org.junit.platform.engine.support.hierarchical.SameThreadHierarchicalTestExecutorService.submit(SameThreadHierarchicalTestExecutorService.java:35) ~[junit-platform-engine-1.10.1.jar:1.10.1]
	at org.junit.platform.engine.support.hierarchical.HierarchicalTestExecutor.execute(HierarchicalTestExecutor.java:57) ~[junit-platform-engine-1.10.1.jar:1.10.1]
	at org.junit.platform.engine.support.hierarchical.HierarchicalTestEngine.execute(HierarchicalTestEngine.java:54) ~[junit-platform-engine-1.10.1.jar:1.10.1]
	at org.junit.platform.launcher.core.EngineExecutionOrchestrator.execute(EngineExecutionOrchestrator.java:198) ~[junit-platform-launcher-1.10.1.jar:1.10.1]
	at org.junit.platform.launcher.core.EngineExecutionOrchestrator.execute(EngineExecutionOrchestrator.java:169) ~[junit-platform-launcher-1.10.1.jar:1.10.1]
	at org.junit.platform.launcher.core.EngineExecutionOrchestrator.execute(EngineExecutionOrchestrator.java:93) ~[junit-platform-launcher-1.10.1.jar:1.10.1]
	at org.junit.platform.launcher.core.EngineExecutionOrchestrator.lambda$execute$0(EngineExecutionOrchestrator.java:58) ~[junit-platform-launcher-1.10.1.jar:1.10.1]
	at org.junit.platform.launcher.core.EngineExecutionOrchestrator.withInterceptedStreams(EngineExecutionOrchestrator.java:141) ~[junit-platform-launcher-1.10.1.jar:1.10.1]
	at org.junit.platform.launcher.core.EngineExecutionOrchestrator.execute(EngineExecutionOrchestrator.java:57) ~[junit-platform-launcher-1.10.1.jar:1.10.1]
	at org.junit.platform.launcher.core.DefaultLauncher.execute(DefaultLauncher.java:103) ~[junit-platform-launcher-1.10.1.jar:1.10.1]
	at org.junit.platform.launcher.core.DefaultLauncher.execute(DefaultLauncher.java:85) ~[junit-platform-launcher-1.10.1.jar:1.10.1]
	at org.junit.platform.launcher.core.DelegatingLauncher.execute(DelegatingLauncher.java:47) ~[junit-platform-launcher-1.10.1.jar:1.10.1]
	at org.apache.maven.surefire.junitplatform.LazyLauncher.execute(LazyLauncher.java:56) ~[surefire-junit-platform-3.1.2.jar:3.1.2]
	at org.apache.maven.surefire.junitplatform.JUnitPlatformProvider.execute(JUnitPlatformProvider.java:184) ~[surefire-junit-platform-3.1.2.jar:3.1.2]
	at org.apache.maven.surefire.junitplatform.JUnitPlatformProvider.invokeAllTests(JUnitPlatformProvider.java:148) ~[surefire-junit-platform-3.1.2.jar:3.1.2]
	at org.apache.maven.surefire.junitplatform.JUnitPlatformProvider.invoke(JUnitPlatformProvider.java:122) ~[surefire-junit-platform-3.1.2.jar:3.1.2]
	at org.apache.maven.surefire.booter.ForkedBooter.runSuitesInProcess(ForkedBooter.java:385) ~[surefire-booter-3.1.2.jar:3.1.2]
	at org.apache.maven.surefire.booter.ForkedBooter.execute(ForkedBooter.java:162) ~[surefire-booter-3.1.2.jar:3.1.2]
	at org.apache.maven.surefire.booter.ForkedBooter.run(ForkedBooter.java:507) ~[surefire-booter-3.1.2.jar:3.1.2]
	at org.apache.maven.surefire.booter.ForkedBooter.main(ForkedBooter.java:495) ~[surefire-booter-3.1.2.jar:3.1.2]

]]></system-out>
  </testcase>
</testsuite>