<?xml version="1.0" encoding="UTF-8"?>
<testsuite xmlns:xsi="http://www.w3.org/2001/XMLSchema-instance" xsi:noNamespaceSchemaLocation="https://maven.apache.org/surefire/maven-surefire-plugin/xsd/surefire-test-report-3.0.xsd" version="3.0" name="com.echo.blog.controller.AuthControllerTest" time="2.174" tests="2" errors="0" skipped="0" failures="2">
  <properties>
    <property name="socksProxyHost" value="127.0.0.1"/>
    <property name="http.proxyHost" value="127.0.0.1"/>
    <property name="java.specification.version" value="21"/>
    <property name="sun.jnu.encoding" value="UTF-8"/>
    <property name="java.class.path" value="/Users/ls/echo_pro/echo-blog-java/target/test-classes:/Users/ls/echo_pro/echo-blog-java/target/classes:/Users/ls/MyWork/mvn_pros/org/springframework/boot/spring-boot-starter-web/3.2.1/spring-boot-starter-web-3.2.1.jar:/Users/ls/MyWork/mvn_pros/org/springframework/boot/spring-boot-starter/3.2.1/spring-boot-starter-3.2.1.jar:/Users/ls/MyWork/mvn_pros/org/springframework/boot/spring-boot/3.2.1/spring-boot-3.2.1.jar:/Users/ls/MyWork/mvn_pros/org/springframework/boot/spring-boot-starter-logging/3.2.1/spring-boot-starter-logging-3.2.1.jar:/Users/ls/MyWork/mvn_pros/ch/qos/logback/logback-classic/1.4.14/logback-classic-1.4.14.jar:/Users/ls/MyWork/mvn_pros/ch/qos/logback/logback-core/1.4.14/logback-core-1.4.14.jar:/Users/ls/MyWork/mvn_pros/org/apache/logging/log4j/log4j-to-slf4j/2.21.1/log4j-to-slf4j-2.21.1.jar:/Users/ls/MyWork/mvn_pros/org/apache/logging/log4j/log4j-api/2.21.1/log4j-api-2.21.1.jar:/Users/ls/MyWork/mvn_pros/org/slf4j/jul-to-slf4j/2.0.9/jul-to-slf4j-2.0.9.jar:/Users/ls/MyWork/mvn_pros/jakarta/annotation/jakarta.annotation-api/2.1.1/jakarta.annotation-api-2.1.1.jar:/Users/ls/MyWork/mvn_pros/org/yaml/snakeyaml/2.2/snakeyaml-2.2.jar:/Users/ls/MyWork/mvn_pros/org/springframework/boot/spring-boot-starter-json/3.2.1/spring-boot-starter-json-3.2.1.jar:/Users/ls/MyWork/mvn_pros/com/fasterxml/jackson/datatype/jackson-datatype-jdk8/2.15.3/jackson-datatype-jdk8-2.15.3.jar:/Users/ls/MyWork/mvn_pros/com/fasterxml/jackson/datatype/jackson-datatype-jsr310/2.15.3/jackson-datatype-jsr310-2.15.3.jar:/Users/ls/MyWork/mvn_pros/com/fasterxml/jackson/module/jackson-module-parameter-names/2.15.3/jackson-module-parameter-names-2.15.3.jar:/Users/ls/MyWork/mvn_pros/org/springframework/boot/spring-boot-starter-tomcat/3.2.1/spring-boot-starter-tomcat-3.2.1.jar:/Users/ls/MyWork/mvn_pros/org/apache/tomcat/embed/tomcat-embed-core/10.1.17/tomcat-embed-core-10.1.17.jar:/Users/ls/MyWork/mvn_pros/org/apache/tomcat/embed/tomcat-embed-websocket/10.1.17/tomcat-embed-websocket-10.1.17.jar:/Users/ls/MyWork/mvn_pros/org/springframework/spring-web/6.1.2/spring-web-6.1.2.jar:/Users/ls/MyWork/mvn_pros/org/springframework/spring-beans/6.1.2/spring-beans-6.1.2.jar:/Users/ls/MyWork/mvn_pros/io/micrometer/micrometer-observation/1.12.1/micrometer-observation-1.12.1.jar:/Users/ls/MyWork/mvn_pros/io/micrometer/micrometer-commons/1.12.1/micrometer-commons-1.12.1.jar:/Users/ls/MyWork/mvn_pros/org/springframework/spring-webmvc/6.1.2/spring-webmvc-6.1.2.jar:/Users/ls/MyWork/mvn_pros/org/springframework/spring-context/6.1.2/spring-context-6.1.2.jar:/Users/ls/MyWork/mvn_pros/org/springframework/spring-expression/6.1.2/spring-expression-6.1.2.jar:/Users/ls/MyWork/mvn_pros/org/springframework/boot/spring-boot-starter-security/3.2.1/spring-boot-starter-security-3.2.1.jar:/Users/ls/MyWork/mvn_pros/org/springframework/spring-aop/6.1.2/spring-aop-6.1.2.jar:/Users/ls/MyWork/mvn_pros/org/springframework/security/spring-security-config/6.2.1/spring-security-config-6.2.1.jar:/Users/ls/MyWork/mvn_pros/org/springframework/security/spring-security-web/6.2.1/spring-security-web-6.2.1.jar:/Users/ls/MyWork/mvn_pros/org/springframework/boot/spring-boot-starter-validation/3.2.1/spring-boot-starter-validation-3.2.1.jar:/Users/ls/MyWork/mvn_pros/org/apache/tomcat/embed/tomcat-embed-el/10.1.17/tomcat-embed-el-10.1.17.jar:/Users/ls/MyWork/mvn_pros/org/springframework/boot/spring-boot-starter-data-jpa/3.2.1/spring-boot-starter-data-jpa-3.2.1.jar:/Users/ls/MyWork/mvn_pros/org/springframework/boot/spring-boot-starter-jdbc/3.2.1/spring-boot-starter-jdbc-3.2.1.jar:/Users/ls/MyWork/mvn_pros/com/zaxxer/HikariCP/5.0.1/HikariCP-5.0.1.jar:/Users/ls/MyWork/mvn_pros/org/springframework/spring-jdbc/6.1.2/spring-jdbc-6.1.2.jar:/Users/ls/MyWork/mvn_pros/org/hibernate/orm/hibernate-core/6.4.1.Final/hibernate-core-6.4.1.Final.jar:/Users/ls/MyWork/mvn_pros/jakarta/transaction/jakarta.transaction-api/2.0.1/jakarta.transaction-api-2.0.1.jar:/Users/ls/MyWork/mvn_pros/org/hibernate/common/hibernate-commons-annotations/6.0.6.Final/hibernate-commons-annotations-6.0.6.Final.jar:/Users/ls/MyWork/mvn_pros/io/smallrye/jandex/3.1.2/jandex-3.1.2.jar:/Users/ls/MyWork/mvn_pros/net/bytebuddy/byte-buddy/1.14.10/byte-buddy-1.14.10.jar:/Users/ls/MyWork/mvn_pros/org/glassfish/jaxb/jaxb-runtime/4.0.4/jaxb-runtime-4.0.4.jar:/Users/ls/MyWork/mvn_pros/org/glassfish/jaxb/jaxb-core/4.0.4/jaxb-core-4.0.4.jar:/Users/ls/MyWork/mvn_pros/org/eclipse/angus/angus-activation/2.0.1/angus-activation-2.0.1.jar:/Users/ls/MyWork/mvn_pros/org/glassfish/jaxb/txw2/4.0.4/txw2-4.0.4.jar:/Users/ls/MyWork/mvn_pros/com/sun/istack/istack-commons-runtime/4.1.2/istack-commons-runtime-4.1.2.jar:/Users/ls/MyWork/mvn_pros/jakarta/inject/jakarta.inject-api/2.0.1/jakarta.inject-api-2.0.1.jar:/Users/ls/MyWork/mvn_pros/org/antlr/antlr4-runtime/4.13.0/antlr4-runtime-4.13.0.jar:/Users/ls/MyWork/mvn_pros/org/springframework/data/spring-data-jpa/3.2.1/spring-data-jpa-3.2.1.jar:/Users/ls/MyWork/mvn_pros/org/springframework/data/spring-data-commons/3.2.1/spring-data-commons-3.2.1.jar:/Users/ls/MyWork/mvn_pros/org/springframework/spring-orm/6.1.2/spring-orm-6.1.2.jar:/Users/ls/MyWork/mvn_pros/org/springframework/spring-tx/6.1.2/spring-tx-6.1.2.jar:/Users/ls/MyWork/mvn_pros/org/slf4j/slf4j-api/2.0.9/slf4j-api-2.0.9.jar:/Users/ls/MyWork/mvn_pros/org/springframework/spring-aspects/6.1.2/spring-aspects-6.1.2.jar:/Users/ls/MyWork/mvn_pros/org/springframework/boot/spring-boot-starter-data-redis/3.2.1/spring-boot-starter-data-redis-3.2.1.jar:/Users/ls/MyWork/mvn_pros/io/lettuce/lettuce-core/6.3.0.RELEASE/lettuce-core-6.3.0.RELEASE.jar:/Users/ls/MyWork/mvn_pros/io/netty/netty-common/4.1.104.Final/netty-common-4.1.104.Final.jar:/Users/ls/MyWork/mvn_pros/io/netty/netty-handler/4.1.104.Final/netty-handler-4.1.104.Final.jar:/Users/ls/MyWork/mvn_pros/io/netty/netty-resolver/4.1.104.Final/netty-resolver-4.1.104.Final.jar:/Users/ls/MyWork/mvn_pros/io/netty/netty-buffer/4.1.104.Final/netty-buffer-4.1.104.Final.jar:/Users/ls/MyWork/mvn_pros/io/netty/netty-transport-native-unix-common/4.1.104.Final/netty-transport-native-unix-common-4.1.104.Final.jar:/Users/ls/MyWork/mvn_pros/io/netty/netty-codec/4.1.104.Final/netty-codec-4.1.104.Final.jar:/Users/ls/MyWork/mvn_pros/io/netty/netty-transport/4.1.104.Final/netty-transport-4.1.104.Final.jar:/Users/ls/MyWork/mvn_pros/io/projectreactor/reactor-core/3.6.1/reactor-core-3.6.1.jar:/Users/ls/MyWork/mvn_pros/org/reactivestreams/reactive-streams/1.0.4/reactive-streams-1.0.4.jar:/Users/ls/MyWork/mvn_pros/org/springframework/data/spring-data-redis/3.2.1/spring-data-redis-3.2.1.jar:/Users/ls/MyWork/mvn_pros/org/springframework/data/spring-data-keyvalue/3.2.1/spring-data-keyvalue-3.2.1.jar:/Users/ls/MyWork/mvn_pros/org/springframework/spring-oxm/6.1.2/spring-oxm-6.1.2.jar:/Users/ls/MyWork/mvn_pros/org/springframework/spring-context-support/6.1.2/spring-context-support-6.1.2.jar:/Users/ls/MyWork/mvn_pros/org/springframework/boot/spring-boot-starter-aop/3.2.1/spring-boot-starter-aop-3.2.1.jar:/Users/ls/MyWork/mvn_pros/org/aspectj/aspectjweaver/1.9.21/aspectjweaver-1.9.21.jar:/Users/ls/MyWork/mvn_pros/org/springframework/retry/spring-retry/2.0.5/spring-retry-2.0.5.jar:/Users/ls/MyWork/mvn_pros/jakarta/validation/jakarta.validation-api/3.0.2/jakarta.validation-api-3.0.2.jar:/Users/ls/MyWork/mvn_pros/org/hibernate/validator/hibernate-validator/8.0.1.Final/hibernate-validator-8.0.1.Final.jar:/Users/ls/MyWork/mvn_pros/org/jboss/logging/jboss-logging/3.5.3.Final/jboss-logging-3.5.3.Final.jar:/Users/ls/MyWork/mvn_pros/com/fasterxml/classmate/1.6.0/classmate-1.6.0.jar:/Users/ls/MyWork/mvn_pros/jakarta/persistence/jakarta.persistence-api/3.1.0/jakarta.persistence-api-3.1.0.jar:/Users/ls/MyWork/mvn_pros/com/mysql/mysql-connector-j/8.1.0/mysql-connector-j-8.1.0.jar:/Users/ls/MyWork/mvn_pros/com/baomidou/mybatis-plus-boot-starter/3.5.3.1/mybatis-plus-boot-starter-3.5.3.1.jar:/Users/ls/MyWork/mvn_pros/com/baomidou/mybatis-plus/3.5.3.1/mybatis-plus-3.5.3.1.jar:/Users/ls/MyWork/mvn_pros/com/baomidou/mybatis-plus-extension/3.5.3.1/mybatis-plus-extension-3.5.3.1.jar:/Users/ls/MyWork/mvn_pros/com/baomidou/mybatis-plus-core/3.5.3.1/mybatis-plus-core-3.5.3.1.jar:/Users/ls/MyWork/mvn_pros/com/baomidou/mybatis-plus-annotation/3.5.3.1/mybatis-plus-annotation-3.5.3.1.jar:/Users/ls/MyWork/mvn_pros/com/github/jsqlparser/jsqlparser/4.4/jsqlparser-4.4.jar:/Users/ls/MyWork/mvn_pros/org/mybatis/mybatis/3.5.10/mybatis-3.5.10.jar:/Users/ls/MyWork/mvn_pros/org/mybatis/mybatis-spring/2.0.7/mybatis-spring-2.0.7.jar:/Users/ls/MyWork/mvn_pros/org/springframework/boot/spring-boot-autoconfigure/3.2.1/spring-boot-autoconfigure-3.2.1.jar:/Users/ls/MyWork/mvn_pros/io/jsonwebtoken/jjwt-api/0.11.5/jjwt-api-0.11.5.jar:/Users/ls/MyWork/mvn_pros/io/jsonwebtoken/jjwt-impl/0.11.5/jjwt-impl-0.11.5.jar:/Users/ls/MyWork/mvn_pros/io/jsonwebtoken/jjwt-jackson/0.11.5/jjwt-jackson-0.11.5.jar:/Users/ls/MyWork/mvn_pros/com/fasterxml/jackson/core/jackson-databind/2.15.3/jackson-databind-2.15.3.jar:/Users/ls/MyWork/mvn_pros/com/fasterxml/jackson/core/jackson-annotations/2.15.3/jackson-annotations-2.15.3.jar:/Users/ls/MyWork/mvn_pros/com/fasterxml/jackson/core/jackson-core/2.15.3/jackson-core-2.15.3.jar:/Users/ls/MyWork/mvn_pros/cn/hutool/hutool-all/5.8.23/hutool-all-5.8.23.jar:/Users/ls/MyWork/mvn_pros/org/projectlombok/lombok/1.18.30/lombok-1.18.30.jar:/Users/ls/MyWork/mvn_pros/org/jsoup/jsoup/1.15.4/jsoup-1.15.4.jar:/Users/ls/MyWork/mvn_pros/com/squareup/okhttp3/okhttp/4.10.0/okhttp-4.10.0.jar:/Users/ls/MyWork/mvn_pros/com/squareup/okio/okio-jvm/3.0.0/okio-jvm-3.0.0.jar:/Users/ls/MyWork/mvn_pros/org/jetbrains/kotlin/kotlin-stdlib-jdk8/1.9.21/kotlin-stdlib-jdk8-1.9.21.jar:/Users/ls/MyWork/mvn_pros/org/jetbrains/kotlin/kotlin-stdlib-jdk7/1.9.21/kotlin-stdlib-jdk7-1.9.21.jar:/Users/ls/MyWork/mvn_pros/org/jetbrains/kotlin/kotlin-stdlib-common/1.9.21/kotlin-stdlib-common-1.9.21.jar:/Users/ls/MyWork/mvn_pros/org/jetbrains/kotlin/kotlin-stdlib/1.9.21/kotlin-stdlib-1.9.21.jar:/Users/ls/MyWork/mvn_pros/org/jetbrains/annotations/13.0/annotations-13.0.jar:/Users/ls/MyWork/mvn_pros/com/squareup/retrofit2/retrofit/2.9.0/retrofit-2.9.0.jar:/Users/ls/MyWork/mvn_pros/com/squareup/retrofit2/converter-jackson/2.9.0/converter-jackson-2.9.0.jar:/Users/ls/MyWork/mvn_pros/org/springdoc/springdoc-openapi-starter-webmvc-ui/2.0.4/springdoc-openapi-starter-webmvc-ui-2.0.4.jar:/Users/ls/MyWork/mvn_pros/org/springdoc/springdoc-openapi-starter-webmvc-api/2.0.4/springdoc-openapi-starter-webmvc-api-2.0.4.jar:/Users/ls/MyWork/mvn_pros/org/springdoc/springdoc-openapi-starter-common/2.0.4/springdoc-openapi-starter-common-2.0.4.jar:/Users/ls/MyWork/mvn_pros/io/swagger/core/v3/swagger-core-jakarta/2.2.8/swagger-core-jakarta-2.2.8.jar:/Users/ls/MyWork/mvn_pros/org/apache/commons/commons-lang3/3.13.0/commons-lang3-3.13.0.jar:/Users/ls/MyWork/mvn_pros/io/swagger/core/v3/swagger-annotations-jakarta/2.2.8/swagger-annotations-jakarta-2.2.8.jar:/Users/ls/MyWork/mvn_pros/io/swagger/core/v3/swagger-models-jakarta/2.2.8/swagger-models-jakarta-2.2.8.jar:/Users/ls/MyWork/mvn_pros/com/fasterxml/jackson/dataformat/jackson-dataformat-yaml/2.15.3/jackson-dataformat-yaml-2.15.3.jar:/Users/ls/MyWork/mvn_pros/org/webjars/swagger-ui/4.18.1/swagger-ui-4.18.1.jar:/Users/ls/MyWork/mvn_pros/org/webjars/webjars-locator-core/0.55/webjars-locator-core-0.55.jar:/Users/ls/MyWork/mvn_pros/io/github/classgraph/classgraph/4.8.149/classgraph-4.8.149.jar:/Users/ls/MyWork/mvn_pros/org/springframework/boot/spring-boot-starter-test/3.2.1/spring-boot-starter-test-3.2.1.jar:/Users/ls/MyWork/mvn_pros/org/springframework/boot/spring-boot-test/3.2.1/spring-boot-test-3.2.1.jar:/Users/ls/MyWork/mvn_pros/org/springframework/boot/spring-boot-test-autoconfigure/3.2.1/spring-boot-test-autoconfigure-3.2.1.jar:/Users/ls/MyWork/mvn_pros/com/jayway/jsonpath/json-path/2.8.0/json-path-2.8.0.jar:/Users/ls/MyWork/mvn_pros/jakarta/xml/bind/jakarta.xml.bind-api/4.0.1/jakarta.xml.bind-api-4.0.1.jar:/Users/ls/MyWork/mvn_pros/jakarta/activation/jakarta.activation-api/2.1.2/jakarta.activation-api-2.1.2.jar:/Users/ls/MyWork/mvn_pros/net/minidev/json-smart/2.5.0/json-smart-2.5.0.jar:/Users/ls/MyWork/mvn_pros/net/minidev/accessors-smart/2.5.0/accessors-smart-2.5.0.jar:/Users/ls/MyWork/mvn_pros/org/ow2/asm/asm/9.3/asm-9.3.jar:/Users/ls/MyWork/mvn_pros/org/assertj/assertj-core/3.24.2/assertj-core-3.24.2.jar:/Users/ls/MyWork/mvn_pros/org/awaitility/awaitility/4.2.0/awaitility-4.2.0.jar:/Users/ls/MyWork/mvn_pros/org/hamcrest/hamcrest/2.2/hamcrest-2.2.jar:/Users/ls/MyWork/mvn_pros/org/junit/jupiter/junit-jupiter/5.10.1/junit-jupiter-5.10.1.jar:/Users/ls/MyWork/mvn_pros/org/junit/jupiter/junit-jupiter-api/5.10.1/junit-jupiter-api-5.10.1.jar:/Users/ls/MyWork/mvn_pros/org/opentest4j/opentest4j/1.3.0/opentest4j-1.3.0.jar:/Users/ls/MyWork/mvn_pros/org/junit/platform/junit-platform-commons/1.10.1/junit-platform-commons-1.10.1.jar:/Users/ls/MyWork/mvn_pros/org/apiguardian/apiguardian-api/1.1.2/apiguardian-api-1.1.2.jar:/Users/ls/MyWork/mvn_pros/org/junit/jupiter/junit-jupiter-params/5.10.1/junit-jupiter-params-5.10.1.jar:/Users/ls/MyWork/mvn_pros/org/junit/jupiter/junit-jupiter-engine/5.10.1/junit-jupiter-engine-5.10.1.jar:/Users/ls/MyWork/mvn_pros/org/junit/platform/junit-platform-engine/1.10.1/junit-platform-engine-1.10.1.jar:/Users/ls/MyWork/mvn_pros/org/mockito/mockito-core/5.7.0/mockito-core-5.7.0.jar:/Users/ls/MyWork/mvn_pros/net/bytebuddy/byte-buddy-agent/1.14.10/byte-buddy-agent-1.14.10.jar:/Users/ls/MyWork/mvn_pros/org/objenesis/objenesis/3.3/objenesis-3.3.jar:/Users/ls/MyWork/mvn_pros/org/mockito/mockito-junit-jupiter/5.7.0/mockito-junit-jupiter-5.7.0.jar:/Users/ls/MyWork/mvn_pros/org/skyscreamer/jsonassert/1.5.1/jsonassert-1.5.1.jar:/Users/ls/MyWork/mvn_pros/com/vaadin/external/google/android-json/0.0.20131108.vaadin1/android-json-0.0.20131108.vaadin1.jar:/Users/ls/MyWork/mvn_pros/org/springframework/spring-core/6.1.2/spring-core-6.1.2.jar:/Users/ls/MyWork/mvn_pros/org/springframework/spring-jcl/6.1.2/spring-jcl-6.1.2.jar:/Users/ls/MyWork/mvn_pros/org/springframework/spring-test/6.1.2/spring-test-6.1.2.jar:/Users/ls/MyWork/mvn_pros/org/xmlunit/xmlunit-core/2.9.1/xmlunit-core-2.9.1.jar:/Users/ls/MyWork/mvn_pros/org/springframework/security/spring-security-test/6.2.1/spring-security-test-6.2.1.jar:/Users/ls/MyWork/mvn_pros/org/springframework/security/spring-security-core/6.2.1/spring-security-core-6.2.1.jar:/Users/ls/MyWork/mvn_pros/org/springframework/security/spring-security-crypto/6.2.1/spring-security-crypto-6.2.1.jar:"/>
    <property name="https.proxyPort" value="7890"/>
    <property name="java.vm.vendor" value="Oracle Corporation"/>
    <property name="sun.arch.data.model" value="64"/>
    <property name="java.vendor.url" value="https://java.oracle.com/"/>
    <property name="user.timezone" value="Asia/Shanghai"/>
    <property name="org.jboss.logging.provider" value="slf4j"/>
    <property name="os.name" value="Mac OS X"/>
    <property name="java.vm.specification.version" value="21"/>
    <property name="sun.java.launcher" value="SUN_STANDARD"/>
    <property name="user.country" value="CN"/>
    <property name="sun.boot.library.path" value="/Library/Java/JavaVirtualMachines/jdk-21.jdk/Contents/Home/lib"/>
    <property name="sun.java.command" value="/Users/ls/echo_pro/echo-blog-java/target/surefire/surefirebooter-20250308165301865_3.jar /Users/ls/echo_pro/echo-blog-java/target/surefire 2025-03-08T16-52-58_800-jvmRun1 surefire-20250308165301865_1tmp surefire_0-20250308165301865_2tmp"/>
    <property name="http.nonProxyHosts" value="192.168.0.0/16|*.192.168.0.0/16|10.0.0.0/8|*.10.0.0.0/8|172.16.0.0/12|*.172.16.0.0/12|127.0.0.1|localhost|*.localhost|local|*.local|timestamp.apple.com|*.timestamp.apple.com|sequoia.apple.com|*.sequoia.apple.com|seed-sequoia.siri.apple.com|*.seed-sequoia.siri.apple.com"/>
    <property name="jdk.debug" value="release"/>
    <property name="surefire.test.class.path" value="/Users/ls/echo_pro/echo-blog-java/target/test-classes:/Users/ls/echo_pro/echo-blog-java/target/classes:/Users/ls/MyWork/mvn_pros/org/springframework/boot/spring-boot-starter-web/3.2.1/spring-boot-starter-web-3.2.1.jar:/Users/ls/MyWork/mvn_pros/org/springframework/boot/spring-boot-starter/3.2.1/spring-boot-starter-3.2.1.jar:/Users/ls/MyWork/mvn_pros/org/springframework/boot/spring-boot/3.2.1/spring-boot-3.2.1.jar:/Users/ls/MyWork/mvn_pros/org/springframework/boot/spring-boot-starter-logging/3.2.1/spring-boot-starter-logging-3.2.1.jar:/Users/ls/MyWork/mvn_pros/ch/qos/logback/logback-classic/1.4.14/logback-classic-1.4.14.jar:/Users/ls/MyWork/mvn_pros/ch/qos/logback/logback-core/1.4.14/logback-core-1.4.14.jar:/Users/ls/MyWork/mvn_pros/org/apache/logging/log4j/log4j-to-slf4j/2.21.1/log4j-to-slf4j-2.21.1.jar:/Users/ls/MyWork/mvn_pros/org/apache/logging/log4j/log4j-api/2.21.1/log4j-api-2.21.1.jar:/Users/ls/MyWork/mvn_pros/org/slf4j/jul-to-slf4j/2.0.9/jul-to-slf4j-2.0.9.jar:/Users/ls/MyWork/mvn_pros/jakarta/annotation/jakarta.annotation-api/2.1.1/jakarta.annotation-api-2.1.1.jar:/Users/ls/MyWork/mvn_pros/org/yaml/snakeyaml/2.2/snakeyaml-2.2.jar:/Users/ls/MyWork/mvn_pros/org/springframework/boot/spring-boot-starter-json/3.2.1/spring-boot-starter-json-3.2.1.jar:/Users/ls/MyWork/mvn_pros/com/fasterxml/jackson/datatype/jackson-datatype-jdk8/2.15.3/jackson-datatype-jdk8-2.15.3.jar:/Users/ls/MyWork/mvn_pros/com/fasterxml/jackson/datatype/jackson-datatype-jsr310/2.15.3/jackson-datatype-jsr310-2.15.3.jar:/Users/ls/MyWork/mvn_pros/com/fasterxml/jackson/module/jackson-module-parameter-names/2.15.3/jackson-module-parameter-names-2.15.3.jar:/Users/ls/MyWork/mvn_pros/org/springframework/boot/spring-boot-starter-tomcat/3.2.1/spring-boot-starter-tomcat-3.2.1.jar:/Users/ls/MyWork/mvn_pros/org/apache/tomcat/embed/tomcat-embed-core/10.1.17/tomcat-embed-core-10.1.17.jar:/Users/ls/MyWork/mvn_pros/org/apache/tomcat/embed/tomcat-embed-websocket/10.1.17/tomcat-embed-websocket-10.1.17.jar:/Users/ls/MyWork/mvn_pros/org/springframework/spring-web/6.1.2/spring-web-6.1.2.jar:/Users/ls/MyWork/mvn_pros/org/springframework/spring-beans/6.1.2/spring-beans-6.1.2.jar:/Users/ls/MyWork/mvn_pros/io/micrometer/micrometer-observation/1.12.1/micrometer-observation-1.12.1.jar:/Users/ls/MyWork/mvn_pros/io/micrometer/micrometer-commons/1.12.1/micrometer-commons-1.12.1.jar:/Users/ls/MyWork/mvn_pros/org/springframework/spring-webmvc/6.1.2/spring-webmvc-6.1.2.jar:/Users/ls/MyWork/mvn_pros/org/springframework/spring-context/6.1.2/spring-context-6.1.2.jar:/Users/ls/MyWork/mvn_pros/org/springframework/spring-expression/6.1.2/spring-expression-6.1.2.jar:/Users/ls/MyWork/mvn_pros/org/springframework/boot/spring-boot-starter-security/3.2.1/spring-boot-starter-security-3.2.1.jar:/Users/ls/MyWork/mvn_pros/org/springframework/spring-aop/6.1.2/spring-aop-6.1.2.jar:/Users/ls/MyWork/mvn_pros/org/springframework/security/spring-security-config/6.2.1/spring-security-config-6.2.1.jar:/Users/ls/MyWork/mvn_pros/org/springframework/security/spring-security-web/6.2.1/spring-security-web-6.2.1.jar:/Users/ls/MyWork/mvn_pros/org/springframework/boot/spring-boot-starter-validation/3.2.1/spring-boot-starter-validation-3.2.1.jar:/Users/ls/MyWork/mvn_pros/org/apache/tomcat/embed/tomcat-embed-el/10.1.17/tomcat-embed-el-10.1.17.jar:/Users/ls/MyWork/mvn_pros/org/springframework/boot/spring-boot-starter-data-jpa/3.2.1/spring-boot-starter-data-jpa-3.2.1.jar:/Users/ls/MyWork/mvn_pros/org/springframework/boot/spring-boot-starter-jdbc/3.2.1/spring-boot-starter-jdbc-3.2.1.jar:/Users/ls/MyWork/mvn_pros/com/zaxxer/HikariCP/5.0.1/HikariCP-5.0.1.jar:/Users/ls/MyWork/mvn_pros/org/springframework/spring-jdbc/6.1.2/spring-jdbc-6.1.2.jar:/Users/ls/MyWork/mvn_pros/org/hibernate/orm/hibernate-core/6.4.1.Final/hibernate-core-6.4.1.Final.jar:/Users/ls/MyWork/mvn_pros/jakarta/transaction/jakarta.transaction-api/2.0.1/jakarta.transaction-api-2.0.1.jar:/Users/ls/MyWork/mvn_pros/org/hibernate/common/hibernate-commons-annotations/6.0.6.Final/hibernate-commons-annotations-6.0.6.Final.jar:/Users/ls/MyWork/mvn_pros/io/smallrye/jandex/3.1.2/jandex-3.1.2.jar:/Users/ls/MyWork/mvn_pros/net/bytebuddy/byte-buddy/1.14.10/byte-buddy-1.14.10.jar:/Users/ls/MyWork/mvn_pros/org/glassfish/jaxb/jaxb-runtime/4.0.4/jaxb-runtime-4.0.4.jar:/Users/ls/MyWork/mvn_pros/org/glassfish/jaxb/jaxb-core/4.0.4/jaxb-core-4.0.4.jar:/Users/ls/MyWork/mvn_pros/org/eclipse/angus/angus-activation/2.0.1/angus-activation-2.0.1.jar:/Users/ls/MyWork/mvn_pros/org/glassfish/jaxb/txw2/4.0.4/txw2-4.0.4.jar:/Users/ls/MyWork/mvn_pros/com/sun/istack/istack-commons-runtime/4.1.2/istack-commons-runtime-4.1.2.jar:/Users/ls/MyWork/mvn_pros/jakarta/inject/jakarta.inject-api/2.0.1/jakarta.inject-api-2.0.1.jar:/Users/ls/MyWork/mvn_pros/org/antlr/antlr4-runtime/4.13.0/antlr4-runtime-4.13.0.jar:/Users/ls/MyWork/mvn_pros/org/springframework/data/spring-data-jpa/3.2.1/spring-data-jpa-3.2.1.jar:/Users/ls/MyWork/mvn_pros/org/springframework/data/spring-data-commons/3.2.1/spring-data-commons-3.2.1.jar:/Users/ls/MyWork/mvn_pros/org/springframework/spring-orm/6.1.2/spring-orm-6.1.2.jar:/Users/ls/MyWork/mvn_pros/org/springframework/spring-tx/6.1.2/spring-tx-6.1.2.jar:/Users/ls/MyWork/mvn_pros/org/slf4j/slf4j-api/2.0.9/slf4j-api-2.0.9.jar:/Users/ls/MyWork/mvn_pros/org/springframework/spring-aspects/6.1.2/spring-aspects-6.1.2.jar:/Users/ls/MyWork/mvn_pros/org/springframework/boot/spring-boot-starter-data-redis/3.2.1/spring-boot-starter-data-redis-3.2.1.jar:/Users/ls/MyWork/mvn_pros/io/lettuce/lettuce-core/6.3.0.RELEASE/lettuce-core-6.3.0.RELEASE.jar:/Users/ls/MyWork/mvn_pros/io/netty/netty-common/4.1.104.Final/netty-common-4.1.104.Final.jar:/Users/ls/MyWork/mvn_pros/io/netty/netty-handler/4.1.104.Final/netty-handler-4.1.104.Final.jar:/Users/ls/MyWork/mvn_pros/io/netty/netty-resolver/4.1.104.Final/netty-resolver-4.1.104.Final.jar:/Users/ls/MyWork/mvn_pros/io/netty/netty-buffer/4.1.104.Final/netty-buffer-4.1.104.Final.jar:/Users/ls/MyWork/mvn_pros/io/netty/netty-transport-native-unix-common/4.1.104.Final/netty-transport-native-unix-common-4.1.104.Final.jar:/Users/ls/MyWork/mvn_pros/io/netty/netty-codec/4.1.104.Final/netty-codec-4.1.104.Final.jar:/Users/ls/MyWork/mvn_pros/io/netty/netty-transport/4.1.104.Final/netty-transport-4.1.104.Final.jar:/Users/ls/MyWork/mvn_pros/io/projectreactor/reactor-core/3.6.1/reactor-core-3.6.1.jar:/Users/ls/MyWork/mvn_pros/org/reactivestreams/reactive-streams/1.0.4/reactive-streams-1.0.4.jar:/Users/ls/MyWork/mvn_pros/org/springframework/data/spring-data-redis/3.2.1/spring-data-redis-3.2.1.jar:/Users/ls/MyWork/mvn_pros/org/springframework/data/spring-data-keyvalue/3.2.1/spring-data-keyvalue-3.2.1.jar:/Users/ls/MyWork/mvn_pros/org/springframework/spring-oxm/6.1.2/spring-oxm-6.1.2.jar:/Users/ls/MyWork/mvn_pros/org/springframework/spring-context-support/6.1.2/spring-context-support-6.1.2.jar:/Users/ls/MyWork/mvn_pros/org/springframework/boot/spring-boot-starter-aop/3.2.1/spring-boot-starter-aop-3.2.1.jar:/Users/ls/MyWork/mvn_pros/org/aspectj/aspectjweaver/1.9.21/aspectjweaver-1.9.21.jar:/Users/ls/MyWork/mvn_pros/org/springframework/retry/spring-retry/2.0.5/spring-retry-2.0.5.jar:/Users/ls/MyWork/mvn_pros/jakarta/validation/jakarta.validation-api/3.0.2/jakarta.validation-api-3.0.2.jar:/Users/ls/MyWork/mvn_pros/org/hibernate/validator/hibernate-validator/8.0.1.Final/hibernate-validator-8.0.1.Final.jar:/Users/ls/MyWork/mvn_pros/org/jboss/logging/jboss-logging/3.5.3.Final/jboss-logging-3.5.3.Final.jar:/Users/ls/MyWork/mvn_pros/com/fasterxml/classmate/1.6.0/classmate-1.6.0.jar:/Users/ls/MyWork/mvn_pros/jakarta/persistence/jakarta.persistence-api/3.1.0/jakarta.persistence-api-3.1.0.jar:/Users/ls/MyWork/mvn_pros/com/mysql/mysql-connector-j/8.1.0/mysql-connector-j-8.1.0.jar:/Users/ls/MyWork/mvn_pros/com/baomidou/mybatis-plus-boot-starter/3.5.3.1/mybatis-plus-boot-starter-3.5.3.1.jar:/Users/ls/MyWork/mvn_pros/com/baomidou/mybatis-plus/3.5.3.1/mybatis-plus-3.5.3.1.jar:/Users/ls/MyWork/mvn_pros/com/baomidou/mybatis-plus-extension/3.5.3.1/mybatis-plus-extension-3.5.3.1.jar:/Users/ls/MyWork/mvn_pros/com/baomidou/mybatis-plus-core/3.5.3.1/mybatis-plus-core-3.5.3.1.jar:/Users/ls/MyWork/mvn_pros/com/baomidou/mybatis-plus-annotation/3.5.3.1/mybatis-plus-annotation-3.5.3.1.jar:/Users/ls/MyWork/mvn_pros/com/github/jsqlparser/jsqlparser/4.4/jsqlparser-4.4.jar:/Users/ls/MyWork/mvn_pros/org/mybatis/mybatis/3.5.10/mybatis-3.5.10.jar:/Users/ls/MyWork/mvn_pros/org/mybatis/mybatis-spring/2.0.7/mybatis-spring-2.0.7.jar:/Users/ls/MyWork/mvn_pros/org/springframework/boot/spring-boot-autoconfigure/3.2.1/spring-boot-autoconfigure-3.2.1.jar:/Users/ls/MyWork/mvn_pros/io/jsonwebtoken/jjwt-api/0.11.5/jjwt-api-0.11.5.jar:/Users/ls/MyWork/mvn_pros/io/jsonwebtoken/jjwt-impl/0.11.5/jjwt-impl-0.11.5.jar:/Users/ls/MyWork/mvn_pros/io/jsonwebtoken/jjwt-jackson/0.11.5/jjwt-jackson-0.11.5.jar:/Users/ls/MyWork/mvn_pros/com/fasterxml/jackson/core/jackson-databind/2.15.3/jackson-databind-2.15.3.jar:/Users/ls/MyWork/mvn_pros/com/fasterxml/jackson/core/jackson-annotations/2.15.3/jackson-annotations-2.15.3.jar:/Users/ls/MyWork/mvn_pros/com/fasterxml/jackson/core/jackson-core/2.15.3/jackson-core-2.15.3.jar:/Users/ls/MyWork/mvn_pros/cn/hutool/hutool-all/5.8.23/hutool-all-5.8.23.jar:/Users/ls/MyWork/mvn_pros/org/projectlombok/lombok/1.18.30/lombok-1.18.30.jar:/Users/ls/MyWork/mvn_pros/org/jsoup/jsoup/1.15.4/jsoup-1.15.4.jar:/Users/ls/MyWork/mvn_pros/com/squareup/okhttp3/okhttp/4.10.0/okhttp-4.10.0.jar:/Users/ls/MyWork/mvn_pros/com/squareup/okio/okio-jvm/3.0.0/okio-jvm-3.0.0.jar:/Users/ls/MyWork/mvn_pros/org/jetbrains/kotlin/kotlin-stdlib-jdk8/1.9.21/kotlin-stdlib-jdk8-1.9.21.jar:/Users/ls/MyWork/mvn_pros/org/jetbrains/kotlin/kotlin-stdlib-jdk7/1.9.21/kotlin-stdlib-jdk7-1.9.21.jar:/Users/ls/MyWork/mvn_pros/org/jetbrains/kotlin/kotlin-stdlib-common/1.9.21/kotlin-stdlib-common-1.9.21.jar:/Users/ls/MyWork/mvn_pros/org/jetbrains/kotlin/kotlin-stdlib/1.9.21/kotlin-stdlib-1.9.21.jar:/Users/ls/MyWork/mvn_pros/org/jetbrains/annotations/13.0/annotations-13.0.jar:/Users/ls/MyWork/mvn_pros/com/squareup/retrofit2/retrofit/2.9.0/retrofit-2.9.0.jar:/Users/ls/MyWork/mvn_pros/com/squareup/retrofit2/converter-jackson/2.9.0/converter-jackson-2.9.0.jar:/Users/ls/MyWork/mvn_pros/org/springdoc/springdoc-openapi-starter-webmvc-ui/2.0.4/springdoc-openapi-starter-webmvc-ui-2.0.4.jar:/Users/ls/MyWork/mvn_pros/org/springdoc/springdoc-openapi-starter-webmvc-api/2.0.4/springdoc-openapi-starter-webmvc-api-2.0.4.jar:/Users/ls/MyWork/mvn_pros/org/springdoc/springdoc-openapi-starter-common/2.0.4/springdoc-openapi-starter-common-2.0.4.jar:/Users/ls/MyWork/mvn_pros/io/swagger/core/v3/swagger-core-jakarta/2.2.8/swagger-core-jakarta-2.2.8.jar:/Users/ls/MyWork/mvn_pros/org/apache/commons/commons-lang3/3.13.0/commons-lang3-3.13.0.jar:/Users/ls/MyWork/mvn_pros/io/swagger/core/v3/swagger-annotations-jakarta/2.2.8/swagger-annotations-jakarta-2.2.8.jar:/Users/ls/MyWork/mvn_pros/io/swagger/core/v3/swagger-models-jakarta/2.2.8/swagger-models-jakarta-2.2.8.jar:/Users/ls/MyWork/mvn_pros/com/fasterxml/jackson/dataformat/jackson-dataformat-yaml/2.15.3/jackson-dataformat-yaml-2.15.3.jar:/Users/ls/MyWork/mvn_pros/org/webjars/swagger-ui/4.18.1/swagger-ui-4.18.1.jar:/Users/ls/MyWork/mvn_pros/org/webjars/webjars-locator-core/0.55/webjars-locator-core-0.55.jar:/Users/ls/MyWork/mvn_pros/io/github/classgraph/classgraph/4.8.149/classgraph-4.8.149.jar:/Users/ls/MyWork/mvn_pros/org/springframework/boot/spring-boot-starter-test/3.2.1/spring-boot-starter-test-3.2.1.jar:/Users/ls/MyWork/mvn_pros/org/springframework/boot/spring-boot-test/3.2.1/spring-boot-test-3.2.1.jar:/Users/ls/MyWork/mvn_pros/org/springframework/boot/spring-boot-test-autoconfigure/3.2.1/spring-boot-test-autoconfigure-3.2.1.jar:/Users/ls/MyWork/mvn_pros/com/jayway/jsonpath/json-path/2.8.0/json-path-2.8.0.jar:/Users/ls/MyWork/mvn_pros/jakarta/xml/bind/jakarta.xml.bind-api/4.0.1/jakarta.xml.bind-api-4.0.1.jar:/Users/ls/MyWork/mvn_pros/jakarta/activation/jakarta.activation-api/2.1.2/jakarta.activation-api-2.1.2.jar:/Users/ls/MyWork/mvn_pros/net/minidev/json-smart/2.5.0/json-smart-2.5.0.jar:/Users/ls/MyWork/mvn_pros/net/minidev/accessors-smart/2.5.0/accessors-smart-2.5.0.jar:/Users/ls/MyWork/mvn_pros/org/ow2/asm/asm/9.3/asm-9.3.jar:/Users/ls/MyWork/mvn_pros/org/assertj/assertj-core/3.24.2/assertj-core-3.24.2.jar:/Users/ls/MyWork/mvn_pros/org/awaitility/awaitility/4.2.0/awaitility-4.2.0.jar:/Users/ls/MyWork/mvn_pros/org/hamcrest/hamcrest/2.2/hamcrest-2.2.jar:/Users/ls/MyWork/mvn_pros/org/junit/jupiter/junit-jupiter/5.10.1/junit-jupiter-5.10.1.jar:/Users/ls/MyWork/mvn_pros/org/junit/jupiter/junit-jupiter-api/5.10.1/junit-jupiter-api-5.10.1.jar:/Users/ls/MyWork/mvn_pros/org/opentest4j/opentest4j/1.3.0/opentest4j-1.3.0.jar:/Users/ls/MyWork/mvn_pros/org/junit/platform/junit-platform-commons/1.10.1/junit-platform-commons-1.10.1.jar:/Users/ls/MyWork/mvn_pros/org/apiguardian/apiguardian-api/1.1.2/apiguardian-api-1.1.2.jar:/Users/ls/MyWork/mvn_pros/org/junit/jupiter/junit-jupiter-params/5.10.1/junit-jupiter-params-5.10.1.jar:/Users/ls/MyWork/mvn_pros/org/junit/jupiter/junit-jupiter-engine/5.10.1/junit-jupiter-engine-5.10.1.jar:/Users/ls/MyWork/mvn_pros/org/junit/platform/junit-platform-engine/1.10.1/junit-platform-engine-1.10.1.jar:/Users/ls/MyWork/mvn_pros/org/mockito/mockito-core/5.7.0/mockito-core-5.7.0.jar:/Users/ls/MyWork/mvn_pros/net/bytebuddy/byte-buddy-agent/1.14.10/byte-buddy-agent-1.14.10.jar:/Users/ls/MyWork/mvn_pros/org/objenesis/objenesis/3.3/objenesis-3.3.jar:/Users/ls/MyWork/mvn_pros/org/mockito/mockito-junit-jupiter/5.7.0/mockito-junit-jupiter-5.7.0.jar:/Users/ls/MyWork/mvn_pros/org/skyscreamer/jsonassert/1.5.1/jsonassert-1.5.1.jar:/Users/ls/MyWork/mvn_pros/com/vaadin/external/google/android-json/0.0.20131108.vaadin1/android-json-0.0.20131108.vaadin1.jar:/Users/ls/MyWork/mvn_pros/org/springframework/spring-core/6.1.2/spring-core-6.1.2.jar:/Users/ls/MyWork/mvn_pros/org/springframework/spring-jcl/6.1.2/spring-jcl-6.1.2.jar:/Users/ls/MyWork/mvn_pros/org/springframework/spring-test/6.1.2/spring-test-6.1.2.jar:/Users/ls/MyWork/mvn_pros/org/xmlunit/xmlunit-core/2.9.1/xmlunit-core-2.9.1.jar:/Users/ls/MyWork/mvn_pros/org/springframework/security/spring-security-test/6.2.1/spring-security-test-6.2.1.jar:/Users/ls/MyWork/mvn_pros/org/springframework/security/spring-security-core/6.2.1/spring-security-core-6.2.1.jar:/Users/ls/MyWork/mvn_pros/org/springframework/security/spring-security-crypto/6.2.1/spring-security-crypto-6.2.1.jar:"/>
    <property name="sun.cpu.endian" value="little"/>
    <property name="user.home" value="/Users/ls"/>
    <property name="user.language" value="zh"/>
    <property name="java.specification.vendor" value="Oracle Corporation"/>
    <property name="java.version.date" value="2024-10-15"/>
    <property name="java.home" value="/Library/Java/JavaVirtualMachines/jdk-21.jdk/Contents/Home"/>
    <property name="file.separator" value="/"/>
    <property name="https.proxyHost" value="127.0.0.1"/>
    <property name="basedir" value="/Users/ls/echo_pro/echo-blog-java"/>
    <property name="java.vm.compressedOopsMode" value="Zero based"/>
    <property name="line.separator" value="&#10;"/>
    <property name="java.vm.specification.vendor" value="Oracle Corporation"/>
    <property name="java.specification.name" value="Java Platform API Specification"/>
    <property name="FILE_LOG_CHARSET" value="UTF-8"/>
    <property name="java.awt.headless" value="true"/>
    <property name="apple.awt.application.name" value="ForkedBooter"/>
    <property name="surefire.real.class.path" value="/Users/ls/echo_pro/echo-blog-java/target/surefire/surefirebooter-20250308165301865_3.jar"/>
    <property name="user.script" value="Hans"/>
    <property name="sun.management.compiler" value="HotSpot 64-Bit Tiered Compilers"/>
    <property name="ftp.nonProxyHosts" value="192.168.0.0/16|*.192.168.0.0/16|10.0.0.0/8|*.10.0.0.0/8|172.16.0.0/12|*.172.16.0.0/12|127.0.0.1|localhost|*.localhost|local|*.local|timestamp.apple.com|*.timestamp.apple.com|sequoia.apple.com|*.sequoia.apple.com|seed-sequoia.siri.apple.com|*.seed-sequoia.siri.apple.com"/>
    <property name="java.runtime.version" value="21.0.5+9-LTS-239"/>
    <property name="user.name" value="ls"/>
    <property name="stdout.encoding" value="UTF-8"/>
    <property name="path.separator" value=":"/>
    <property name="os.version" value="15.3.1"/>
    <property name="java.runtime.name" value="Java(TM) SE Runtime Environment"/>
    <property name="file.encoding" value="UTF-8"/>
    <property name="java.vm.name" value="Java HotSpot(TM) 64-Bit Server VM"/>
    <property name="localRepository" value="/Users/ls/MyWork/mvn_pros"/>
    <property name="java.vendor.url.bug" value="https://bugreport.java.com/bugreport/"/>
    <property name="java.io.tmpdir" value="/var/folders/mp/_hr1lbvx27b613b3jpp4jqj00000gn/T/"/>
    <property name="java.version" value="21.0.5"/>
    <property name="user.dir" value="/Users/ls/echo_pro/echo-blog-java"/>
    <property name="os.arch" value="aarch64"/>
    <property name="socksProxyPort" value="7890"/>
    <property name="java.vm.specification.name" value="Java Virtual Machine Specification"/>
    <property name="PID" value="46214"/>
    <property name="CONSOLE_LOG_CHARSET" value="UTF-8"/>
    <property name="native.encoding" value="UTF-8"/>
    <property name="java.library.path" value="/Users/ls/Library/Java/Extensions:/Library/Java/Extensions:/Network/Library/Java/Extensions:/System/Library/Java/Extensions:/usr/lib/java:."/>
    <property name="java.vm.info" value="mixed mode, sharing"/>
    <property name="stderr.encoding" value="UTF-8"/>
    <property name="java.vendor" value="Oracle Corporation"/>
    <property name="java.vm.version" value="21.0.5+9-LTS-239"/>
    <property name="sun.io.unicode.encoding" value="UnicodeBig"/>
    <property name="socksNonProxyHosts" value="192.168.0.0/16|*.192.168.0.0/16|10.0.0.0/8|*.10.0.0.0/8|172.16.0.0/12|*.172.16.0.0/12|127.0.0.1|localhost|*.localhost|local|*.local|timestamp.apple.com|*.timestamp.apple.com|sequoia.apple.com|*.sequoia.apple.com|seed-sequoia.siri.apple.com|*.seed-sequoia.siri.apple.com"/>
    <property name="java.class.version" value="65.0"/>
    <property name="LOGGED_APPLICATION_NAME" value="[echo-blog] "/>
    <property name="http.proxyPort" value="7890"/>
  </properties>
  <testcase name="testLogin" classname="com.echo.blog.controller.AuthControllerTest" time="0.06">
    <failure message="Status expected:&lt;200&gt; but was:&lt;403&gt;" type="java.lang.AssertionError"><![CDATA[java.lang.AssertionError: Status expected:<200> but was:<403>
	at org.springframework.test.util.AssertionErrors.fail(AssertionErrors.java:59)
	at org.springframework.test.util.AssertionErrors.assertEquals(AssertionErrors.java:122)
	at org.springframework.test.web.servlet.result.StatusResultMatchers.lambda$matcher$9(StatusResultMatchers.java:637)
	at org.springframework.test.web.servlet.MockMvc$1.andExpect(MockMvc.java:214)
	at com.echo.blog.controller.AuthControllerTest.testLogin(AuthControllerTest.java:67)
	at java.base/java.lang.reflect.Method.invoke(Method.java:580)
	at java.base/java.util.ArrayList.forEach(ArrayList.java:1596)
	at java.base/java.util.ArrayList.forEach(ArrayList.java:1596)
]]></failure>
    <system-out><![CDATA[16:53:02.311 [main] INFO org.springframework.test.context.support.AnnotationConfigContextLoaderUtils -- Could not detect default configuration classes for test class [com.echo.blog.controller.AuthControllerTest]: AuthControllerTest does not declare any static, non-private, non-final, nested classes annotated with @Configuration.
16:53:02.407 [main] INFO org.springframework.boot.test.context.SpringBootTestContextBootstrapper -- Found @SpringBootConfiguration com.echo.blog.EchoBlogApplication for test class com.echo.blog.controller.AuthControllerTest

  .   ____          _            __ _ _
 /\\ / ___'_ __ _ _(_)_ __  __ _ \ \ \ \
( ( )\___ | '_ | '_| | '_ \/ _` | \ \ \ \
 \\/  ___)| |_)| | | | | || (_| |  ) ) ) )
  '  |____| .__|_| |_|_| |_\__, | / / / /
 =========|_|==============|___/=/_/_/_/
 :: Spring Boot ::                (v3.2.1)

2025-03-08T16:53:02.658+08:00  INFO 46214 --- [echo-blog] [           main] c.e.blog.controller.AuthControllerTest   : Starting AuthControllerTest using Java 21.0.5 with PID 46214 (started by ls in /Users/ls/echo_pro/echo-blog-java)
2025-03-08T16:53:02.659+08:00 DEBUG 46214 --- [echo-blog] [           main] c.e.blog.controller.AuthControllerTest   : Running with Spring Boot v3.2.1, Spring v6.1.2
2025-03-08T16:53:02.659+08:00  INFO 46214 --- [echo-blog] [           main] c.e.blog.controller.AuthControllerTest   : No active profile set, falling back to 1 default profile: "default"
2025-03-08T16:53:04.266+08:00  INFO 46214 --- [echo-blog] [           main] o.s.s.web.DefaultSecurityFilterChain     : Will secure any request with [org.springframework.security.web.session.DisableEncodeUrlFilter@6fa3def8, org.springframework.security.web.context.request.async.WebAsyncManagerIntegrationFilter@1c3d9e28, org.springframework.security.web.context.SecurityContextHolderFilter@304068, org.springframework.security.web.header.HeaderWriterFilter@2fdf7da2, org.springframework.web.filter.CorsFilter@a1cb94, org.springframework.security.web.csrf.CsrfFilter@552bee2f, org.springframework.security.web.authentication.logout.LogoutFilter@6550ce46, org.springframework.security.web.authentication.UsernamePasswordAuthenticationFilter@4a944af9, org.springframework.security.web.authentication.ui.DefaultLoginPageGeneratingFilter@5c79c5ec, org.springframework.security.web.authentication.ui.DefaultLogoutPageGeneratingFilter@46d148bd, org.springframework.security.web.authentication.www.BasicAuthenticationFilter@5f33e6d, org.springframework.security.web.savedrequest.RequestCacheAwareFilter@1cb849b2, org.springframework.security.web.servletapi.SecurityContextHolderAwareRequestFilter@6fe2a366, org.springframework.security.web.authentication.AnonymousAuthenticationFilter@37f41a81, org.springframework.security.web.access.ExceptionTranslationFilter@6fa2a006, org.springframework.security.web.access.intercept.AuthorizationFilter@2336cd91]
2025-03-08T16:53:04.287+08:00 DEBUG 46214 --- [echo-blog] [           main] c.e.b.security.JwtAuthenticationFilter   : Filter 'jwtAuthenticationFilter' configured for use
2025-03-08T16:53:04.291+08:00  INFO 46214 --- [echo-blog] [           main] o.s.b.t.m.w.SpringBootMockServletContext : Initializing Spring TestDispatcherServlet ''
2025-03-08T16:53:04.291+08:00  INFO 46214 --- [echo-blog] [           main] o.s.t.web.servlet.TestDispatcherServlet  : Initializing Servlet ''
2025-03-08T16:53:04.292+08:00  INFO 46214 --- [echo-blog] [           main] o.s.t.web.servlet.TestDispatcherServlet  : Completed initialization in 1 ms
2025-03-08T16:53:04.304+08:00  INFO 46214 --- [echo-blog] [           main] c.e.blog.controller.AuthControllerTest   : Started AuthControllerTest in 1.855 seconds (process running for 2.372)

MockHttpServletRequest:
      HTTP Method = POST
      Request URI = /api/auth/login
       Parameters = {}
          Headers = [Content-Type:"application/json;charset=UTF-8", Content-Length:"45"]
             Body = {"username":"testuser","password":"password"}
    Session Attrs = {org.springframework.security.web.csrf.HttpSessionCsrfTokenRepository.CSRF_TOKEN=org.springframework.security.web.csrf.DefaultCsrfToken@77e730bd}

Handler:
             Type = null

Async:
    Async started = false
     Async result = null

Resolved Exception:
             Type = null

ModelAndView:
        View name = null
             View = null
            Model = null

FlashMap:
       Attributes = null

MockHttpServletResponse:
           Status = 403
    Error message = Forbidden
          Headers = [Vary:"Origin", "Access-Control-Request-Method", "Access-Control-Request-Headers", X-Content-Type-Options:"nosniff", X-XSS-Protection:"0", Cache-Control:"no-cache, no-store, max-age=0, must-revalidate", Pragma:"no-cache", Expires:"0", X-Frame-Options:"DENY"]
     Content type = null
             Body = 
    Forwarded URL = null
   Redirected URL = null
          Cookies = []
]]></system-out>
    <system-err><![CDATA[WARNING: A Java agent has been loaded dynamically (/Users/ls/MyWork/mvn_pros/net/bytebuddy/byte-buddy-agent/1.14.10/byte-buddy-agent-1.14.10.jar)
WARNING: If a serviceability tool is in use, please run with -XX:+EnableDynamicAgentLoading to hide this warning
WARNING: If a serviceability tool is not in use, please run with -Djdk.instrument.traceUsage for more information
WARNING: Dynamic loading of agents will be disallowed by default in a future release
]]></system-err>
  </testcase>
  <testcase name="testRegister" classname="com.echo.blog.controller.AuthControllerTest" time="0.008">
    <failure message="Status expected:&lt;200&gt; but was:&lt;403&gt;" type="java.lang.AssertionError"><![CDATA[java.lang.AssertionError: Status expected:<200> but was:<403>
	at org.springframework.test.util.AssertionErrors.fail(AssertionErrors.java:59)
	at org.springframework.test.util.AssertionErrors.assertEquals(AssertionErrors.java:122)
	at org.springframework.test.web.servlet.result.StatusResultMatchers.lambda$matcher$9(StatusResultMatchers.java:637)
	at org.springframework.test.web.servlet.MockMvc$1.andExpect(MockMvc.java:214)
	at com.echo.blog.controller.AuthControllerTest.testRegister(AuthControllerTest.java:92)
	at java.base/java.lang.reflect.Method.invoke(Method.java:580)
	at java.base/java.util.ArrayList.forEach(ArrayList.java:1596)
	at java.base/java.util.ArrayList.forEach(ArrayList.java:1596)
]]></failure>
    <system-out><![CDATA[
MockHttpServletRequest:
      HTTP Method = POST
      Request URI = /api/auth/register
       Parameters = {}
          Headers = [Content-Type:"application/json;charset=UTF-8", Content-Length:"90"]
             Body = {"username":"newuser","password":"password","email":"newuser@example.com","nickname":null}
    Session Attrs = {org.springframework.security.web.csrf.HttpSessionCsrfTokenRepository.CSRF_TOKEN=org.springframework.security.web.csrf.DefaultCsrfToken@1b36d248}

Handler:
             Type = null

Async:
    Async started = false
     Async result = null

Resolved Exception:
             Type = null

ModelAndView:
        View name = null
             View = null
            Model = null

FlashMap:
       Attributes = null

MockHttpServletResponse:
           Status = 403
    Error message = Forbidden
          Headers = [Vary:"Origin", "Access-Control-Request-Method", "Access-Control-Request-Headers", X-Content-Type-Options:"nosniff", X-XSS-Protection:"0", Cache-Control:"no-cache, no-store, max-age=0, must-revalidate", Pragma:"no-cache", Expires:"0", X-Frame-Options:"DENY"]
     Content type = null
             Body = 
    Forwarded URL = null
   Redirected URL = null
          Cookies = []
]]></system-out>
  </testcase>
</testsuite>